2023/05/03 15:45:57 Storage server running
2023/05/03 15:46:01 Product to search:  searchTerm:{searchTerm:"no"}
2023/05/03 15:46:01 Search completed: []
2023/05/03 15:46:53 Product to search:  searchTerm:{searchTerm:"no"}
2023/05/03 15:46:53 Search completed: []
2023/05/03 19:57:23 Storage server running
2023/05/03 20:01:42 Storage server running
2023/05/03 20:02:03 Product to add:  product:{name:"1" category:"2" sku:"3"}
2023/05/03 20:02:04 Inserted document with ID ObjectID("6453202bb491c2ae3fcd3c0c")
2023/05/03 20:02:07 Product to search:  searchTerm:{}
2023/05/03 20:02:07 Search completed: []
2023/05/03 20:02:08 Product to search:  searchTerm:{searchTerm:"1"}
2023/05/03 20:02:08 Result: map[_id:ObjectID("6453202bb491c2ae3fcd3c0c") category:2 id:6453202bb491c2ae3fcd3c0c name:1 sku:3]
2023/05/03 20:02:08 Search completed: [id:"6453202bb491c2ae3fcd3c0c" name:"1" category:"2" sku:"3"]
2023/05/03 20:02:11 Product to search:  searchTerm:{searchTerm:"test"}
2023/05/03 20:02:11 Search completed: []
2023/05/03 20:02:15 Product to search:  searchTerm:{searchTerm:"new"}
2023/05/03 20:02:15 Search completed: []
2023/05/03 20:04:48 Product to search:  searchTerm:{searchTerm:"1"}
2023/05/03 20:04:48 Result: map[_id:ObjectID("6453202bb491c2ae3fcd3c0c") category:2 id:6453202bb491c2ae3fcd3c0c name:1 sku:3]
2023/05/03 20:04:48 Search completed: [id:"6453202bb491c2ae3fcd3c0c" name:"1" category:"2" sku:"3"]
2023/05/03 20:04:54 Product to search:  searchTerm:{searchTerm:"1"}
2023/05/03 20:04:54 Result: map[_id:ObjectID("6453202bb491c2ae3fcd3c0c") category:2 id:6453202bb491c2ae3fcd3c0c name:1 sku:3]
2023/05/03 20:04:54 Search completed: [id:"6453202bb491c2ae3fcd3c0c" name:"1" category:"2" sku:"3"]
2023/05/03 20:04:56 Product to search:  searchTerm:{searchTerm:"test"}
2023/05/03 20:04:56 Search completed: []
2023/05/03 20:04:59 Product to add:  product:{name:"test" category:"2" sku:"test"}
2023/05/03 20:04:59 Inserted document with ID ObjectID("645320dbb491c2ae3fcd3c15")
2023/05/03 20:05:00 Product to search:  searchTerm:{searchTerm:"test"}
2023/05/03 20:05:00 Result: map[_id:ObjectID("645320dbb491c2ae3fcd3c15") category:2 id:645320dbb491c2ae3fcd3c15 name:test sku:test]
2023/05/03 20:05:00 Search completed: [id:"645320dbb491c2ae3fcd3c15" name:"test" category:"2" sku:"test"]
2023/05/03 20:05:01 Product to search:  searchTerm:{searchTerm:"test"}
2023/05/03 20:05:01 Result: map[_id:ObjectID("645320dbb491c2ae3fcd3c15") category:2 id:645320dbb491c2ae3fcd3c15 name:test sku:test]
2023/05/03 20:05:01 Search completed: [id:"645320dbb491c2ae3fcd3c15" name:"test" category:"2" sku:"test"]
2023/05/03 20:05:03 Product to add:  product:{name:"test" category:"2" sku:"test"}
2023/05/03 20:05:03 Inserted document with ID ObjectID("645320dfb491c2ae3fcd3c19")
2023/05/03 20:05:04 Product to search:  searchTerm:{searchTerm:"test"}
2023/05/03 20:05:04 Result: map[_id:ObjectID("645320dfb491c2ae3fcd3c19") category:2 id:645320dfb491c2ae3fcd3c19 name:test sku:test]
2023/05/03 20:05:04 Result: map[_id:ObjectID("645320dbb491c2ae3fcd3c15") category:2 id:645320dbb491c2ae3fcd3c15 name:test sku:test]
2023/05/03 20:05:04 Search completed: [id:"645320dfb491c2ae3fcd3c19" name:"test" category:"2" sku:"test" id:"645320dbb491c2ae3fcd3c15" name:"test" category:"2" sku:"test"]
2023/05/03 20:06:00 Product to search:  searchTerm:{searchTerm:"asd"}
2023/05/03 20:06:00 Search completed: []
2023/05/03 20:06:04 Product to add:  product:{name:"asd" category:"asd" sku:"asd"}
2023/05/03 20:06:04 Inserted document with ID ObjectID("6453211cb491c2ae3fcd3c1d")
2023/05/03 20:06:06 Product to search:  searchTerm:{searchTerm:"asd"}
2023/05/03 20:06:06 Result: map[_id:ObjectID("6453211cb491c2ae3fcd3c1d") category:asd id:6453211cb491c2ae3fcd3c1d name:asd sku:asd]
2023/05/03 20:06:06 Search completed: [id:"6453211cb491c2ae3fcd3c1d" name:"asd" category:"asd" sku:"asd"]
2023/05/03 20:06:53 Product to search:  searchTerm:{searchTerm:"asd"}
2023/05/03 20:06:53 Result: map[_id:ObjectID("6453211cb491c2ae3fcd3c1d") category:asd id:6453211cb491c2ae3fcd3c1d name:asd sku:asd]
2023/05/03 20:06:53 Search completed: [id:"6453211cb491c2ae3fcd3c1d" name:"asd" category:"asd" sku:"asd"]
2023/05/03 20:06:56 Product to search:  searchTerm:{searchTerm:"asd"}
2023/05/03 20:06:56 Result: map[_id:ObjectID("6453211cb491c2ae3fcd3c1d") category:asd id:6453211cb491c2ae3fcd3c1d name:asd sku:asd]
2023/05/03 20:06:56 Search completed: [id:"6453211cb491c2ae3fcd3c1d" name:"asd" category:"asd" sku:"asd"]
2023/05/03 20:07:01 Product to add:  product:{name:"asdasd" category:"asdasd" sku:"asdasd"}
2023/05/03 20:07:01 Inserted document with ID ObjectID("64532155b491c2ae3fcd3c22")
2023/05/03 20:07:06 Product to search:  searchTerm:{searchTerm:"asd"}
2023/05/03 20:07:06 Result: map[_id:ObjectID("6453211cb491c2ae3fcd3c1d") category:asd id:6453211cb491c2ae3fcd3c1d name:asd sku:asd]
2023/05/03 20:07:06 Search completed: [id:"6453211cb491c2ae3fcd3c1d" name:"asd" category:"asd" sku:"asd"]
2023/05/03 20:07:08 Product to search:  searchTerm:{searchTerm:"asd"}
2023/05/03 20:07:08 Product to search:  searchTerm:{searchTerm:"asd"}
2023/05/03 20:07:08 Result: map[_id:ObjectID("6453211cb491c2ae3fcd3c1d") category:asd id:6453211cb491c2ae3fcd3c1d name:asd sku:asd]
2023/05/03 20:07:08 Search completed: [id:"6453211cb491c2ae3fcd3c1d" name:"asd" category:"asd" sku:"asd"]
2023/05/03 20:07:08 Result: map[_id:ObjectID("6453211cb491c2ae3fcd3c1d") category:asd id:6453211cb491c2ae3fcd3c1d name:asd sku:asd]
2023/05/03 20:07:08 Search completed: [id:"6453211cb491c2ae3fcd3c1d" name:"asd" category:"asd" sku:"asd"]
2023/05/03 20:07:18 Product to add:  product:{name:"asdasd" category:"asdasd" sku:"asdasd"}
2023/05/03 20:07:18 Inserted document with ID ObjectID("64532166b491c2ae3fcd3c27")
2023/05/03 20:07:20 Product to search:  searchTerm:{searchTerm:"asd"}
2023/05/03 20:07:20 Result: map[_id:ObjectID("6453211cb491c2ae3fcd3c1d") category:asd id:6453211cb491c2ae3fcd3c1d name:asd sku:asd]
2023/05/03 20:07:20 Search completed: [id:"6453211cb491c2ae3fcd3c1d" name:"asd" category:"asd" sku:"asd"]
2023/05/03 20:07:27 Product to search:  searchTerm:{searchTerm:"asdasd"}
2023/05/03 20:07:27 Result: map[_id:ObjectID("64532166b491c2ae3fcd3c27") category:asdasd id:64532166b491c2ae3fcd3c27 name:asdasd sku:asdasd]
2023/05/03 20:07:27 Result: map[_id:ObjectID("64532155b491c2ae3fcd3c22") category:asdasd id:64532155b491c2ae3fcd3c22 name:asdasd sku:asdasd]
2023/05/03 20:07:27 Search completed: [id:"64532166b491c2ae3fcd3c27" name:"asdasd" category:"asdasd" sku:"asdasd" id:"64532155b491c2ae3fcd3c22" name:"asdasd" category:"asdasd" sku:"asdasd"]
2023/05/03 20:08:07 Storage server running
2023/05/03 20:08:09 Product to add:  product:{name:"asdasd"  category:"asdasd"  sku:"asdasd"}
2023/05/03 20:08:09 Inserted document with ID ObjectID("6453219959b0f4e8c19c7d3d")
2023/05/03 20:08:10 Product to search:  searchTerm:{searchTerm:"asdasd"}
2023/05/03 20:08:10 Search completed: [id:"6453219959b0f4e8c19c7d3d"  name:"asdasd"  category:"asdasd"  sku:"asdasd" id:"64532166b491c2ae3fcd3c27"  name:"asdasd"  category:"asdasd"  sku:"asdasd" id:"64532155b491c2ae3fcd3c22"  name:"asdasd"  category:"asdasd"  sku:"asdasd"]
2023/05/03 20:08:17 Product to search:  searchTerm:{searchTerm:"asdasd"}
2023/05/03 20:08:17 Search completed: [id:"6453219959b0f4e8c19c7d3d"  name:"asdasd"  category:"asdasd"  sku:"asdasd" id:"64532166b491c2ae3fcd3c27"  name:"asdasd"  category:"asdasd"  sku:"asdasd" id:"64532155b491c2ae3fcd3c22"  name:"asdasd"  category:"asdasd"  sku:"asdasd"]
2023/05/03 20:08:18 Product to add:  product:{name:"asdasd"  category:"2"  sku:"asdasd"}
2023/05/03 20:08:18 Inserted document with ID ObjectID("645321a259b0f4e8c19c7d41")
2023/05/03 20:08:21 Product to search:  searchTerm:{searchTerm:"2"}
2023/05/03 20:08:21 Search completed: [id:"645321a259b0f4e8c19c7d41"  name:"asdasd"  category:"2"  sku:"asdasd" id:"645320dfb491c2ae3fcd3c19"  name:"test"  category:"2"  sku:"test" id:"645320dbb491c2ae3fcd3c15"  name:"test"  category:"2"  sku:"test" id:"6453202bb491c2ae3fcd3c0c"  name:"1"  category:"2"  sku:"3"]
2023/05/08 12:38:07 Storage server running
2023/05/08 12:38:54 Product to add:  product:{name:"new"  category:"product"  sku:"this"}
2023/05/08 12:38:54 Inserted document with ID ObjectID("64594fce6d3a0e5daa114b71")
2023/05/08 12:39:06 Product to search:  searchTerm:{searchTerm:"new"}
2023/05/08 12:39:06 Search completed: [id:"64594fce6d3a0e5daa114b71"  name:"new"  category:"product"  sku:"this"]
2023/05/08 13:01:35 Product to add:  product:{name:"new"  category:"product"  sku:"this"}
2023/05/08 13:01:35 Inserted document with ID ObjectID("6459551f6d3a0e5daa114b74")
2023/05/08 13:01:36 Product to search:  searchTerm:{searchTerm:"new"}
2023/05/08 13:01:36 Search completed: [id:"6459551f6d3a0e5daa114b74"  name:"new"  category:"product"  sku:"this" id:"64594fce6d3a0e5daa114b71"  name:"new"  category:"product"  sku:"this"]
2023/05/08 13:31:29 Product to add:  product:{name:"test name"  category:"test category"  sku:"test sku"}
2023/05/08 13:31:29 Inserted document with ID ObjectID("64595c216d3a0e5daa114b77")
2023/05/08 13:33:33 Product to add:  product:{name:"test name"  category:"test category"  sku:"test sku"}
2023/05/08 13:33:33 Inserted document with ID ObjectID("64595c9d6d3a0e5daa114b79")
2023/05/08 13:33:33 Product to add:  product:{}
2023/05/08 13:33:33 Inserted document with ID ObjectID("64595c9d6d3a0e5daa114b7b")
2023/05/08 13:47:48 Product to add:  product:{name:"test name"  category:"test category"  sku:"test sku"}
2023/05/08 13:47:48 Inserted document with ID ObjectID("64595ff46d3a0e5daa114b7d")
2023/05/08 13:47:48 Product to add:  product:{}
2023/05/08 13:47:48 Inserted document with ID ObjectID("64595ff46d3a0e5daa114b7f")
2023/05/08 13:55:48 Product to add:  product:{name:"test name"  category:"test category"  sku:"test sku"}
2023/05/08 13:55:48 Inserted document with ID ObjectID("645961d46d3a0e5daa114b81")
2023/05/08 13:55:48 Product to add:  product:{}
2023/05/08 13:55:48 Inserted document with ID ObjectID("645961d46d3a0e5daa114b83")
2023/05/08 13:58:14 Product to add:  product:{name:"test name"  category:"test category"  sku:"test sku"}
2023/05/08 13:58:14 Inserted document with ID ObjectID("645962666d3a0e5daa114b85")
2023/05/08 13:58:14 Product to add:  product:{}
2023/05/08 13:58:14 Inserted document with ID ObjectID("645962666d3a0e5daa114b87")
2023/05/08 13:58:50 Product to add:  product:{name:"test name"  category:"test category"  sku:"test sku"}
2023/05/08 13:58:50 Inserted document with ID ObjectID("6459628a6d3a0e5daa114b89")
2023/05/08 13:58:50 Product to add:  product:{}
2023/05/08 13:58:50 Inserted document with ID ObjectID("6459628a6d3a0e5daa114b8b")
2023/05/08 13:59:12 Product to add:  product:{name:"test name"  category:"test category"  sku:"test sku"}
2023/05/08 13:59:12 Inserted document with ID ObjectID("645962a06d3a0e5daa114b8d")
2023/05/08 13:59:30 Product to add:  product:{name:"test name"  category:"test category"  sku:"test sku"}
2023/05/08 13:59:30 Inserted document with ID ObjectID("645962b26d3a0e5daa114b8f")
2023/05/08 14:08:26 Product to add:  product:{name:"test name"  category:"test category"  sku:"test sku"}
2023/05/08 14:08:26 Inserted document with ID ObjectID("645964ca6d3a0e5daa114b91")
2023/05/08 14:10:47 Product to add:  product:{name:"test name"  category:"test category"  sku:"test sku"}
2023/05/08 14:10:47 Inserted document with ID ObjectID("645965576d3a0e5daa114b93")
2023/05/08 14:11:15 Product to add:  product:{name:"test name"  category:"test category"  sku:"test sku"}
2023/05/08 14:11:15 Inserted document with ID ObjectID("645965736d3a0e5daa114b95")
2023/05/08 14:11:43 Product to add:  product:{name:"test name"  category:"test category"  sku:"test sku"}
2023/05/08 14:11:43 Inserted document with ID ObjectID("6459658f6d3a0e5daa114b97")
2023/05/08 14:12:05 Product to add:  product:{name:"test name"  category:"test category"  sku:"test sku"}
2023/05/08 14:12:05 Inserted document with ID ObjectID("645965a56d3a0e5daa114b99")
2023/05/08 14:15:08 Product to add:  product:{name:"test name"  category:"test category"  sku:"test sku"}
2023/05/08 14:15:08 Inserted document with ID ObjectID("6459665c6d3a0e5daa114b9b")
2023/05/08 14:15:32 Product to add:  product:{name:"test name"  category:"test category"  sku:"test sku"}
2023/05/08 14:15:32 Inserted document with ID ObjectID("645966746d3a0e5daa114b9d")
2023/05/08 14:18:39 Product to add:  product:{name:"test name"  category:"test category"  sku:"test sku"}
2023/05/08 14:18:39 Inserted document with ID ObjectID("6459672f6d3a0e5daa114b9f")
2023/05/08 14:22:03 Product to add:  product:{name:"test name"  category:"test category"  sku:"test sku"}
2023/05/08 14:22:03 Inserted document with ID ObjectID("645967fb6d3a0e5daa114ba1")
2023/05/08 14:24:12 Product to add:  product:{name:"test name"  category:"test category"  sku:"test sku"}
2023/05/08 14:24:12 Inserted document with ID ObjectID("6459687c6d3a0e5daa114ba3")
2023/05/08 14:24:35 Product to add:  product:{name:"test name"  category:"test category"  sku:"test sku"}
2023/05/08 14:24:35 Inserted document with ID ObjectID("645968936d3a0e5daa114ba5")
2023/05/08 14:26:30 Product to add:  product:{name:"test name"  category:"test category"  sku:"test sku"}
2023/05/08 14:26:30 Inserted document with ID ObjectID("645969066d3a0e5daa114ba7")
2023/05/08 14:27:09 Product to add:  product:{name:"test name"  category:"test category"  sku:"test sku"}
2023/05/08 14:27:09 Inserted document with ID ObjectID("6459692d6d3a0e5daa114ba9")
2023/05/08 14:27:33 Product to add:  product:{name:"test name"  category:"test category"  sku:"test sku"}
2023/05/08 14:27:33 Inserted document with ID ObjectID("645969456d3a0e5daa114bab")
2023/05/08 14:30:24 Product to add:  product:{name:"test name"  category:"test category"  sku:"test sku"}
2023/05/08 14:30:24 Inserted document with ID ObjectID("645969f06d3a0e5daa114bad")
2023/05/08 14:30:43 Product to add:  product:{name:"test name"  category:"test category"  sku:"test sku"}
2023/05/08 14:30:44 Inserted document with ID ObjectID("64596a036d3a0e5daa114baf")
2023/05/08 14:31:02 Product to add:  product:{name:"test name"  category:"test category"  sku:"test sku"}
2023/05/08 14:31:02 Inserted document with ID ObjectID("64596a166d3a0e5daa114bb1")
2023/05/08 14:31:25 Product to add:  product:{name:"test name"  category:"test category"  sku:"test sku"}
2023/05/08 14:31:25 Inserted document with ID ObjectID("64596a2d6d3a0e5daa114bb3")
2023/05/08 14:31:43 Product to add:  product:{name:"test name"  category:"test category"  sku:"test sku"}
2023/05/08 14:31:43 Inserted document with ID ObjectID("64596a3f6d3a0e5daa114bb5")
2023/05/08 14:31:53 Product to add:  product:{name:"test name"  category:"test category"  sku:"test sku"}
2023/05/08 14:31:53 Inserted document with ID ObjectID("64596a496d3a0e5daa114bb7")
2023/05/08 14:34:02 Product to search:  searchTerm:{searchTerm:"new"}
2023/05/08 14:34:02 Search completed: [id:"6459551f6d3a0e5daa114b74"  name:"new"  category:"product"  sku:"this" id:"64594fce6d3a0e5daa114b71"  name:"new"  category:"product"  sku:"this"]
2023/05/08 14:34:03 Product to search:  searchTerm:{searchTerm:"new"}
2023/05/08 14:34:03 Search completed: [id:"6459551f6d3a0e5daa114b74"  name:"new"  category:"product"  sku:"this" id:"64594fce6d3a0e5daa114b71"  name:"new"  category:"product"  sku:"this"]
2023/05/08 14:36:13 Product to add:  product:{name:"test name"  category:"test category"  sku:"test sku"}
2023/05/08 14:36:13 Inserted document with ID ObjectID("64596b4d6d3a0e5daa114bbb")
2023/05/08 14:39:35 Product to add:  product:{name:"test name"  category:"test category"  sku:"test sku"}
2023/05/08 14:39:35 Inserted document with ID ObjectID("64596c176d3a0e5daa114bbd")
2023/05/08 14:40:54 Product to add:  product:{name:"new"  category:"product"  sku:"sku"}
2023/05/08 14:40:54 Inserted document with ID ObjectID("64596c666d3a0e5daa114bbf")
2023/05/08 14:40:54 Product to search:  searchTerm:{searchTerm:"new"}
2023/05/08 14:40:54 Search completed: [id:"64596c666d3a0e5daa114bbf"  name:"new"  category:"product"  sku:"sku" id:"6459551f6d3a0e5daa114b74"  name:"new"  category:"product"  sku:"this" id:"64594fce6d3a0e5daa114b71"  name:"new"  category:"product"  sku:"this"]
2023/05/08 14:41:23 Product to add:  product:{name:"test name"  category:"test category"  sku:"test sku"}
2023/05/08 14:41:23 Inserted document with ID ObjectID("64596c836d3a0e5daa114bc2")
2023/05/08 14:42:20 Product to add:  product:{name:"asdasd"  category:"category"  sku:"sku"}
2023/05/08 14:42:20 Inserted document with ID ObjectID("64596cbc6d3a0e5daa114bc4")
2023/05/08 14:42:25 Product to search:  searchTerm:{searchTerm:"asd"}
2023/05/08 14:42:25 Search completed: [id:"6453211cb491c2ae3fcd3c1d"  name:"asd"  category:"asd"  sku:"asd"]
2023/05/08 14:42:29 Product to search:  searchTerm:{searchTerm:"asdasd"}
2023/05/08 14:42:29 Search completed: [id:"6453219959b0f4e8c19c7d3d"  name:"asdasd"  category:"asdasd"  sku:"asdasd" id:"64532166b491c2ae3fcd3c27"  name:"asdasd"  category:"asdasd"  sku:"asdasd" id:"64532155b491c2ae3fcd3c22"  name:"asdasd"  category:"asdasd"  sku:"asdasd" id:"645321a259b0f4e8c19c7d41"  name:"asdasd"  category:"2"  sku:"asdasd" id:"64596cbc6d3a0e5daa114bc4"  name:"asdasd"  category:"category"  sku:"sku"]
2023/05/08 14:42:34 Product to add:  product:{name:"asdasd"  category:"category"  sku:"sku"}
2023/05/08 14:42:34 Inserted document with ID ObjectID("64596cca6d3a0e5daa114bc8")
2023/05/08 14:42:35 Product to search:  searchTerm:{searchTerm:"asdasd"}
2023/05/08 14:42:35 Search completed: [id:"6453219959b0f4e8c19c7d3d"  name:"asdasd"  category:"asdasd"  sku:"asdasd" id:"64532166b491c2ae3fcd3c27"  name:"asdasd"  category:"asdasd"  sku:"asdasd" id:"64532155b491c2ae3fcd3c22"  name:"asdasd"  category:"asdasd"  sku:"asdasd" id:"645321a259b0f4e8c19c7d41"  name:"asdasd"  category:"2"  sku:"asdasd" id:"64596cca6d3a0e5daa114bc8"  name:"asdasd"  category:"category"  sku:"sku" id:"64596cbc6d3a0e5daa114bc4"  name:"asdasd"  category:"category"  sku:"sku"]
2023/05/08 14:42:41 Product to search:  searchTerm:{searchTerm:"asd"}
2023/05/08 14:42:41 Search completed: [id:"6453211cb491c2ae3fcd3c1d"  name:"asd"  category:"asd"  sku:"asd"]
2023/05/08 14:42:42 Product to search:  searchTerm:{searchTerm:"asd"}
2023/05/08 14:42:42 Search completed: [id:"6453211cb491c2ae3fcd3c1d"  name:"asd"  category:"asd"  sku:"asd"]
2023/05/09 12:35:08 Storage server running
2023/05/09 12:44:27 Storage server running
2023/05/09 12:44:32 Product to search:  searchTerm:{searchTerm:"asd"}
2023/05/09 12:44:32 Search completed: [id:"6453211cb491c2ae3fcd3c1d"  name:"asd"  category:"asd"  sku:"asd"]
2023/05/09 12:44:35 Product to search:  searchTerm:{searchTerm:"new"}
2023/05/09 12:44:35 Search completed: [id:"64596c666d3a0e5daa114bbf"  name:"new"  category:"product"  sku:"sku" id:"6459551f6d3a0e5daa114b74"  name:"new"  category:"product"  sku:"this" id:"64594fce6d3a0e5daa114b71"  name:"new"  category:"product"  sku:"this"]
2023/05/09 13:24:13 Product to add:  product:{name:"asdasd"  category:"category"  sku:"sku"}
2023/05/09 13:24:13 Inserted document with ID ObjectID("645aabedc3ec878e7c5ef3f3")
2023/05/09 13:32:24 Product to add:  product:{name:"asdasd"  category:"category"  sku:"sku"}
2023/05/09 13:32:24 Inserted document with ID ObjectID("645aadd8c3ec878e7c5ef3f5")
2023/05/09 13:33:00 Product to add:  product:{name:"asdasd"  category:"category"  sku:"sku"}
2023/05/09 13:33:00 Inserted document with ID ObjectID("645aadfcc3ec878e7c5ef3f7")
2023/05/09 13:34:25 Product to add:  product:{name:"asdasd"  category:"category"  sku:"sku"}
2023/05/09 13:34:25 Inserted document with ID ObjectID("645aae51c3ec878e7c5ef3f9")
2023/05/09 13:34:33 Product to search:  searchTerm:{searchTerm:"asdasd"}
2023/05/09 13:34:33 Search completed: [id:"6453219959b0f4e8c19c7d3d"  name:"asdasd"  category:"asdasd"  sku:"asdasd" id:"64532166b491c2ae3fcd3c27"  name:"asdasd"  category:"asdasd"  sku:"asdasd" id:"64532155b491c2ae3fcd3c22"  name:"asdasd"  category:"asdasd"  sku:"asdasd" id:"645321a259b0f4e8c19c7d41"  name:"asdasd"  category:"2"  sku:"asdasd" id:"645aae51c3ec878e7c5ef3f9"  name:"asdasd"  category:"category"  sku:"sku" id:"645aadfcc3ec878e7c5ef3f7"  name:"asdasd"  category:"category"  sku:"sku" id:"645aadd8c3ec878e7c5ef3f5"  name:"asdasd"  category:"category"  sku:"sku" id:"645aabedc3ec878e7c5ef3f3"  name:"asdasd"  category:"category"  sku:"sku" id:"64596cca6d3a0e5daa114bc8"  name:"asdasd"  category:"category"  sku:"sku" id:"64596cbc6d3a0e5daa114bc4"  name:"asdasd"  category:"category"  sku:"sku"]
2023/05/09 13:34:35 Product to add:  product:{name:"asdasd"  category:"category"  sku:"sku"}
2023/05/09 13:34:35 Inserted document with ID ObjectID("645aae5bc3ec878e7c5ef3fc")
2023/05/09 13:34:36 Product to search:  searchTerm:{searchTerm:"asdasd"}
2023/05/09 13:34:36 Search completed: [id:"6453219959b0f4e8c19c7d3d"  name:"asdasd"  category:"asdasd"  sku:"asdasd" id:"64532166b491c2ae3fcd3c27"  name:"asdasd"  category:"asdasd"  sku:"asdasd" id:"64532155b491c2ae3fcd3c22"  name:"asdasd"  category:"asdasd"  sku:"asdasd" id:"645321a259b0f4e8c19c7d41"  name:"asdasd"  category:"2"  sku:"asdasd" id:"645aae5bc3ec878e7c5ef3fc"  name:"asdasd"  category:"category"  sku:"sku" id:"645aae51c3ec878e7c5ef3f9"  name:"asdasd"  category:"category"  sku:"sku" id:"645aadfcc3ec878e7c5ef3f7"  name:"asdasd"  category:"category"  sku:"sku" id:"645aadd8c3ec878e7c5ef3f5"  name:"asdasd"  category:"category"  sku:"sku" id:"645aabedc3ec878e7c5ef3f3"  name:"asdasd"  category:"category"  sku:"sku" id:"64596cca6d3a0e5daa114bc8"  name:"asdasd"  category:"category"  sku:"sku" id:"64596cbc6d3a0e5daa114bc4"  name:"asdasd"  category:"category"  sku:"sku"]
2023/05/09 13:37:03 Product to add:  product:{name:"asdasd"  category:"category"  sku:"sku"}
2023/05/09 13:37:03 Inserted document with ID ObjectID("645aaeefc3ec878e7c5ef3ff")
2023/05/09 13:37:06 Product to search:  searchTerm:{searchTerm:"asdasd"}
2023/05/09 13:37:06 Search completed: [id:"6453219959b0f4e8c19c7d3d"  name:"asdasd"  category:"asdasd"  sku:"asdasd" id:"64532166b491c2ae3fcd3c27"  name:"asdasd"  category:"asdasd"  sku:"asdasd" id:"64532155b491c2ae3fcd3c22"  name:"asdasd"  category:"asdasd"  sku:"asdasd" id:"645321a259b0f4e8c19c7d41"  name:"asdasd"  category:"2"  sku:"asdasd" id:"645aaeefc3ec878e7c5ef3ff"  name:"asdasd"  category:"category"  sku:"sku" id:"645aae5bc3ec878e7c5ef3fc"  name:"asdasd"  category:"category"  sku:"sku" id:"645aae51c3ec878e7c5ef3f9"  name:"asdasd"  category:"category"  sku:"sku" id:"645aadfcc3ec878e7c5ef3f7"  name:"asdasd"  category:"category"  sku:"sku" id:"645aadd8c3ec878e7c5ef3f5"  name:"asdasd"  category:"category"  sku:"sku" id:"645aabedc3ec878e7c5ef3f3"  name:"asdasd"  category:"category"  sku:"sku" id:"64596cca6d3a0e5daa114bc8"  name:"asdasd"  category:"category"  sku:"sku" id:"64596cbc6d3a0e5daa114bc4"  name:"asdasd"  category:"category"  sku:"sku"]
2023/05/09 13:41:09 Product to add:  product:{name:"asdasd"  category:"category"  sku:"sku"}
2023/05/09 13:41:09 Inserted document with ID ObjectID("645aafe5c3ec878e7c5ef402")
2023/05/09 13:41:10 Product to search:  searchTerm:{searchTerm:"asdasd"}
2023/05/09 13:41:10 Search completed: [id:"6453219959b0f4e8c19c7d3d"  name:"asdasd"  category:"asdasd"  sku:"asdasd" id:"64532166b491c2ae3fcd3c27"  name:"asdasd"  category:"asdasd"  sku:"asdasd" id:"64532155b491c2ae3fcd3c22"  name:"asdasd"  category:"asdasd"  sku:"asdasd" id:"645321a259b0f4e8c19c7d41"  name:"asdasd"  category:"2"  sku:"asdasd" id:"645aafe5c3ec878e7c5ef402"  name:"asdasd"  category:"category"  sku:"sku" id:"645aaeefc3ec878e7c5ef3ff"  name:"asdasd"  category:"category"  sku:"sku" id:"645aae5bc3ec878e7c5ef3fc"  name:"asdasd"  category:"category"  sku:"sku" id:"645aae51c3ec878e7c5ef3f9"  name:"asdasd"  category:"category"  sku:"sku" id:"645aadfcc3ec878e7c5ef3f7"  name:"asdasd"  category:"category"  sku:"sku" id:"645aadd8c3ec878e7c5ef3f5"  name:"asdasd"  category:"category"  sku:"sku" id:"645aabedc3ec878e7c5ef3f3"  name:"asdasd"  category:"category"  sku:"sku" id:"64596cca6d3a0e5daa114bc8"  name:"asdasd"  category:"category"  sku:"sku" id:"64596cbc6d3a0e5daa114bc4"  name:"asdasd"  category:"category"  sku:"sku"]
2023/05/09 13:54:20 Storage server running
2023/05/09 13:54:29 Product to search:  searchTerm:{searchTerm:"asdasd"}
2023/05/09 13:54:29 Search completed: [id:"6453219959b0f4e8c19c7d3d" name:"asdasd" category:"asdasd" sku:"asdasd" id:"64532166b491c2ae3fcd3c27" name:"asdasd" category:"asdasd" sku:"asdasd" id:"64532155b491c2ae3fcd3c22" name:"asdasd" category:"asdasd" sku:"asdasd" id:"645321a259b0f4e8c19c7d41" name:"asdasd" category:"2" sku:"asdasd" id:"645aafe5c3ec878e7c5ef402" name:"asdasd" category:"category" sku:"sku" id:"645aaeefc3ec878e7c5ef3ff" name:"asdasd" category:"category" sku:"sku" id:"645aae5bc3ec878e7c5ef3fc" name:"asdasd" category:"category" sku:"sku" id:"645aae51c3ec878e7c5ef3f9" name:"asdasd" category:"category" sku:"sku" id:"645aadfcc3ec878e7c5ef3f7" name:"asdasd" category:"category" sku:"sku" id:"645aadd8c3ec878e7c5ef3f5" name:"asdasd" category:"category" sku:"sku" id:"645aabedc3ec878e7c5ef3f3" name:"asdasd" category:"category" sku:"sku" id:"64596cca6d3a0e5daa114bc8" name:"asdasd" category:"category" sku:"sku" id:"64596cbc6d3a0e5daa114bc4" name:"asdasd" category:"category" sku:"sku"]
2023/05/09 13:54:50 Product to add:  product:{name:"asdasd" category:"category" sku:"sku"}
2023/05/09 13:54:50 Inserted document with ID ObjectID("645ab31a61a4de8942cf2366")
2023/05/09 13:54:53 Product to search:  searchTerm:{searchTerm:"asdasd"}
2023/05/09 13:54:53 Search completed: [id:"6453219959b0f4e8c19c7d3d" name:"asdasd" category:"asdasd" sku:"asdasd" id:"64532166b491c2ae3fcd3c27" name:"asdasd" category:"asdasd" sku:"asdasd" id:"64532155b491c2ae3fcd3c22" name:"asdasd" category:"asdasd" sku:"asdasd" id:"645321a259b0f4e8c19c7d41" name:"asdasd" category:"2" sku:"asdasd" id:"645aafe5c3ec878e7c5ef402" name:"asdasd" category:"category" sku:"sku" id:"645aaeefc3ec878e7c5ef3ff" name:"asdasd" category:"category" sku:"sku" id:"645aae5bc3ec878e7c5ef3fc" name:"asdasd" category:"category" sku:"sku" id:"645aae51c3ec878e7c5ef3f9" name:"asdasd" category:"category" sku:"sku" id:"645aadfcc3ec878e7c5ef3f7" name:"asdasd" category:"category" sku:"sku" id:"645aadd8c3ec878e7c5ef3f5" name:"asdasd" category:"category" sku:"sku" id:"645aabedc3ec878e7c5ef3f3" name:"asdasd" category:"category" sku:"sku" id:"64596cca6d3a0e5daa114bc8" name:"asdasd" category:"category" sku:"sku" id:"64596cbc6d3a0e5daa114bc4" name:"asdasd" category:"category" sku:"sku"]
2023/05/09 13:55:49 Storage server running
2023/05/09 13:57:28 Storage server running
2023/05/09 13:57:31 Storage server running
2023/05/09 13:57:41 Storage server running
2023/05/09 13:57:59 Product to add:  product:{name:"asdasd" category:"category" sku:"sku"}
2023/05/09 13:57:59 Inserted document with ID ObjectID("645ab3d72719d830267b67ae")
2023/05/09 13:58:00 Product to add:  product:{name:"asdasd" category:"category" sku:"sku"}
2023/05/09 13:58:00 Inserted document with ID ObjectID("645ab3d82719d830267b67b0")
2023/05/09 13:58:01 Product to search:  searchTerm:{searchTerm:"asdasd"}
2023/05/09 13:58:01 Unable to complete the find on a collection :(IndexNotFound) text index required for $text query
2023/05/09 13:58:42 Storage server running
2023/05/09 13:58:44 Product to search:  searchTerm:{searchTerm:"asdasd"}
2023/05/09 13:58:44 Unable to complete the find on a collection :(IndexNotFound) text index required for $text query
2023/05/09 13:59:09 Storage server running
2023/05/09 13:59:11 Product to add:  product:{name:"asdasd" category:"category" sku:"sku"}
2023/05/09 13:59:11 Inserted document with ID ObjectID("645ab41f2c6d67f464fc04b0")
2023/05/09 13:59:19 Product to search:  searchTerm:{searchTerm:"asdasd"}
2023/05/09 13:59:19 Unable to complete the find on a collection :(IndexNotFound) text index required for $text query
2023/05/09 14:04:07 Storage server running
2023/05/09 14:04:16 Product to add:  product:{name:"asdasd"  category:"category"  sku:"sku"}
2023/05/09 14:04:16 Inserted document with ID ObjectID("645ab55030fc403b0e6f2f78")
2023/05/09 14:04:17 Product to search:  searchTerm:{searchTerm:"asdasd"}
2023/05/09 14:04:17 Search completed: [id:"6453219959b0f4e8c19c7d3d"  name:"asdasd"  category:"asdasd"  sku:"asdasd" id:"64532166b491c2ae3fcd3c27"  name:"asdasd"  category:"asdasd"  sku:"asdasd" id:"64532155b491c2ae3fcd3c22"  name:"asdasd"  category:"asdasd"  sku:"asdasd" id:"645321a259b0f4e8c19c7d41"  name:"asdasd"  category:"2"  sku:"asdasd" id:"645aafe5c3ec878e7c5ef402"  name:"asdasd"  category:"category"  sku:"sku" id:"645aaeefc3ec878e7c5ef3ff"  name:"asdasd"  category:"category"  sku:"sku" id:"645aae5bc3ec878e7c5ef3fc"  name:"asdasd"  category:"category"  sku:"sku" id:"645aae51c3ec878e7c5ef3f9"  name:"asdasd"  category:"category"  sku:"sku" id:"645aadfcc3ec878e7c5ef3f7"  name:"asdasd"  category:"category"  sku:"sku" id:"645aadd8c3ec878e7c5ef3f5"  name:"asdasd"  category:"category"  sku:"sku" id:"645aabedc3ec878e7c5ef3f3"  name:"asdasd"  category:"category"  sku:"sku" id:"64596cca6d3a0e5daa114bc8"  name:"asdasd"  category:"category"  sku:"sku" id:"64596cbc6d3a0e5daa114bc4"  name:"asdasd"  category:"category"  sku:"sku"]
2023/05/09 14:04:46 Storage server running
2023/05/09 14:04:49 Product to add:  product:{name:"asdasd"  category:"category"  sku:"sku"}
2023/05/09 14:04:49 Inserted document with ID ObjectID("645ab571c62253746e544d8f")
2023/05/09 14:04:50 Product to search:  searchTerm:{searchTerm:"asdasd"}
2023/05/09 14:04:50 Unable to complete the find on a collection :(IndexNotFound) text index required for $text query
2023/05/09 14:05:29 Storage server running
2023/05/09 14:05:35 Product to search:  searchTerm:{searchTerm:"asdasd"}
2023/05/09 14:05:35 CONFIG:  {fulltextsearch}
2023/05/09 14:05:35 Search completed: [id:"6453219959b0f4e8c19c7d3d" name:"asdasd" category:"asdasd" sku:"asdasd" id:"64532166b491c2ae3fcd3c27" name:"asdasd" category:"asdasd" sku:"asdasd" id:"64532155b491c2ae3fcd3c22" name:"asdasd" category:"asdasd" sku:"asdasd" id:"645321a259b0f4e8c19c7d41" name:"asdasd" category:"2" sku:"asdasd" id:"645aafe5c3ec878e7c5ef402" name:"asdasd" category:"category" sku:"sku" id:"645aaeefc3ec878e7c5ef3ff" name:"asdasd" category:"category" sku:"sku" id:"645aae5bc3ec878e7c5ef3fc" name:"asdasd" category:"category" sku:"sku" id:"645aae51c3ec878e7c5ef3f9" name:"asdasd" category:"category" sku:"sku" id:"645aadfcc3ec878e7c5ef3f7" name:"asdasd" category:"category" sku:"sku" id:"645aadd8c3ec878e7c5ef3f5" name:"asdasd" category:"category" sku:"sku" id:"645aabedc3ec878e7c5ef3f3" name:"asdasd" category:"category" sku:"sku" id:"64596cca6d3a0e5daa114bc8" name:"asdasd" category:"category" sku:"sku" id:"64596cbc6d3a0e5daa114bc4" name:"asdasd" category:"category" sku:"sku"]
2023/05/09 14:06:16 Storage server running
2023/05/09 14:06:19 Product to search:  searchTerm:{searchTerm:"asdasd"}
2023/05/09 14:06:19 CONFIG:  fulltextsearch
2023/05/09 14:06:19 Search completed: [id:"6453219959b0f4e8c19c7d3d" name:"asdasd" category:"asdasd" sku:"asdasd" id:"64532166b491c2ae3fcd3c27" name:"asdasd" category:"asdasd" sku:"asdasd" id:"64532155b491c2ae3fcd3c22" name:"asdasd" category:"asdasd" sku:"asdasd" id:"645321a259b0f4e8c19c7d41" name:"asdasd" category:"2" sku:"asdasd" id:"645aafe5c3ec878e7c5ef402" name:"asdasd" category:"category" sku:"sku" id:"645aaeefc3ec878e7c5ef3ff" name:"asdasd" category:"category" sku:"sku" id:"645aae5bc3ec878e7c5ef3fc" name:"asdasd" category:"category" sku:"sku" id:"645aae51c3ec878e7c5ef3f9" name:"asdasd" category:"category" sku:"sku" id:"645aadfcc3ec878e7c5ef3f7" name:"asdasd" category:"category" sku:"sku" id:"645aadd8c3ec878e7c5ef3f5" name:"asdasd" category:"category" sku:"sku" id:"645aabedc3ec878e7c5ef3f3" name:"asdasd" category:"category" sku:"sku" id:"64596cca6d3a0e5daa114bc8" name:"asdasd" category:"category" sku:"sku" id:"64596cbc6d3a0e5daa114bc4" name:"asdasd" category:"category" sku:"sku"]
2023/05/09 14:06:26 Product to add:  product:{name:"asdasd" category:"category" sku:"sku"}
2023/05/09 14:06:26 Inserted document with ID ObjectID("645ab5d232106b50dd7948ac")
2023/05/09 14:06:29 Product to search:  searchTerm:{searchTerm:"asdasd"}
2023/05/09 14:06:29 CONFIG:  fulltextsearch
2023/05/09 14:06:29 Search completed: [id:"6453219959b0f4e8c19c7d3d" name:"asdasd" category:"asdasd" sku:"asdasd" id:"64532166b491c2ae3fcd3c27" name:"asdasd" category:"asdasd" sku:"asdasd" id:"64532155b491c2ae3fcd3c22" name:"asdasd" category:"asdasd" sku:"asdasd" id:"645321a259b0f4e8c19c7d41" name:"asdasd" category:"2" sku:"asdasd" id:"645aafe5c3ec878e7c5ef402" name:"asdasd" category:"category" sku:"sku" id:"645aaeefc3ec878e7c5ef3ff" name:"asdasd" category:"category" sku:"sku" id:"645aae5bc3ec878e7c5ef3fc" name:"asdasd" category:"category" sku:"sku" id:"645aae51c3ec878e7c5ef3f9" name:"asdasd" category:"category" sku:"sku" id:"645aadfcc3ec878e7c5ef3f7" name:"asdasd" category:"category" sku:"sku" id:"645aadd8c3ec878e7c5ef3f5" name:"asdasd" category:"category" sku:"sku" id:"645aabedc3ec878e7c5ef3f3" name:"asdasd" category:"category" sku:"sku" id:"64596cca6d3a0e5daa114bc8" name:"asdasd" category:"category" sku:"sku" id:"64596cbc6d3a0e5daa114bc4" name:"asdasd" category:"category" sku:"sku"]
2023/05/09 18:51:59 Product to add:  product:{name:"asdasd" category:"category" sku:"sku"}
2023/05/09 18:51:59 Inserted document with ID ObjectID("645af8bf32106b50dd7948af")
2023/05/09 18:52:00 Product to search:  searchTerm:{searchTerm:"asdasd"}
2023/05/09 18:52:00 CONFIG:  fulltextsearch
2023/05/09 18:52:00 Search completed: [id:"6453219959b0f4e8c19c7d3d" name:"asdasd" category:"asdasd" sku:"asdasd" id:"64532166b491c2ae3fcd3c27" name:"asdasd" category:"asdasd" sku:"asdasd" id:"64532155b491c2ae3fcd3c22" name:"asdasd" category:"asdasd" sku:"asdasd" id:"645321a259b0f4e8c19c7d41" name:"asdasd" category:"2" sku:"asdasd" id:"645aafe5c3ec878e7c5ef402" name:"asdasd" category:"category" sku:"sku" id:"645aaeefc3ec878e7c5ef3ff" name:"asdasd" category:"category" sku:"sku" id:"645aae5bc3ec878e7c5ef3fc" name:"asdasd" category:"category" sku:"sku" id:"645aae51c3ec878e7c5ef3f9" name:"asdasd" category:"category" sku:"sku" id:"645aadfcc3ec878e7c5ef3f7" name:"asdasd" category:"category" sku:"sku" id:"645aadd8c3ec878e7c5ef3f5" name:"asdasd" category:"category" sku:"sku" id:"645aabedc3ec878e7c5ef3f3" name:"asdasd" category:"category" sku:"sku" id:"64596cca6d3a0e5daa114bc8" name:"asdasd" category:"category" sku:"sku" id:"64596cbc6d3a0e5daa114bc4" name:"asdasd" category:"category" sku:"sku"]
2023/05/09 18:52:01 Product to add:  product:{name:"asdasd" category:"category" sku:"sku"}
2023/05/09 18:52:01 Inserted document with ID ObjectID("645af8c132106b50dd7948b2")
2023/05/09 18:52:02 Product to search:  searchTerm:{searchTerm:"asdasd"}
2023/05/09 18:52:02 CONFIG:  fulltextsearch
2023/05/09 18:52:02 Search completed: [id:"6453219959b0f4e8c19c7d3d" name:"asdasd" category:"asdasd" sku:"asdasd" id:"64532166b491c2ae3fcd3c27" name:"asdasd" category:"asdasd" sku:"asdasd" id:"64532155b491c2ae3fcd3c22" name:"asdasd" category:"asdasd" sku:"asdasd" id:"645321a259b0f4e8c19c7d41" name:"asdasd" category:"2" sku:"asdasd" id:"645aafe5c3ec878e7c5ef402" name:"asdasd" category:"category" sku:"sku" id:"645aaeefc3ec878e7c5ef3ff" name:"asdasd" category:"category" sku:"sku" id:"645aae5bc3ec878e7c5ef3fc" name:"asdasd" category:"category" sku:"sku" id:"645aae51c3ec878e7c5ef3f9" name:"asdasd" category:"category" sku:"sku" id:"645aadfcc3ec878e7c5ef3f7" name:"asdasd" category:"category" sku:"sku" id:"645aadd8c3ec878e7c5ef3f5" name:"asdasd" category:"category" sku:"sku" id:"645aabedc3ec878e7c5ef3f3" name:"asdasd" category:"category" sku:"sku" id:"64596cca6d3a0e5daa114bc8" name:"asdasd" category:"category" sku:"sku" id:"64596cbc6d3a0e5daa114bc4" name:"asdasd" category:"category" sku:"sku"]
2023/05/09 18:53:23 Storage server running
2023/05/09 18:53:35 Product to add:  product:{name:"asdasd"  category:"category"  sku:"sku"}
2023/05/09 18:53:35 Inserted document with ID ObjectID("645af91fc3bfbec8ac68fba1")
2023/05/09 18:53:36 Product to search:  searchTerm:{searchTerm:"asdasd"}
2023/05/09 18:53:36 CONFIG:  fulltextsearch
2023/05/09 18:53:36 Unable to complete the find on a collection :(IndexNotFound) text index required for $text query
2023/05/09 18:54:24 Storage server running
2023/05/09 18:54:27 Product to search:  searchTerm:{searchTerm:"new"}
2023/05/09 18:54:27 CONFIG:  fulltextsearch
2023/05/09 18:54:27 Unable to complete the find on a collection :(IndexNotFound) text index required for $text query
2023/05/09 18:55:14 Storage server running
2023/05/09 18:55:16 Product to add:  product:{name:"asdasd"  category:"category"  sku:"sku"}
2023/05/09 18:55:16 Inserted document with ID ObjectID("645af98497a54ec9f425feaa")
2023/05/09 18:55:21 Product to search:  searchTerm:{searchTerm:"new"}
2023/05/09 18:55:21 CONFIG:  fulltextsearch
2023/05/09 18:55:21 Unable to complete the find on a collection :(IndexNotFound) text index required for $text query
2023/05/09 18:56:32 Storage server running
2023/05/09 18:56:33 Product to search:  searchTerm:{searchTerm:"new"}
2023/05/09 18:56:33 CONFIG:  fulltextsearch
2023/05/09 18:56:33 Search completed: []
2023/05/09 18:56:35 Product to add:  product:{name:"asdasd"  category:"category"  sku:"sku"}
2023/05/09 18:56:35 Inserted document with ID ObjectID("645af9d37f57c901207adab2")
2023/05/09 18:56:39 Product to search:  searchTerm:{searchTerm:"asdsad"}
2023/05/09 18:56:39 CONFIG:  fulltextsearch
2023/05/09 18:56:39 Search completed: []
2023/05/09 18:56:40 Product to search:  searchTerm:{searchTerm:"asdsad"}
2023/05/09 18:56:40 CONFIG:  fulltextsearch
2023/05/09 18:56:40 Search completed: []
2023/05/09 18:56:41 Product to search:  searchTerm:{searchTerm:"asdsad"}
2023/05/09 18:56:41 CONFIG:  fulltextsearch
2023/05/09 18:56:41 Search completed: []
2023/05/09 18:56:46 Product to add:  product:{name:"asdasd"  category:"category"  sku:"sku"}
2023/05/09 18:56:46 Inserted document with ID ObjectID("645af9de7f57c901207adab7")
2023/05/09 18:57:04 Product to search:  searchTerm:{searchTerm:"asdasd"}
2023/05/09 18:57:04 CONFIG:  fulltextsearch
2023/05/09 18:57:04 Search completed: [id:"645af9de7f57c901207adab7"  name:"asdasd"  category:"category"  sku:"sku" id:"645af9d37f57c901207adab2"  name:"asdasd"  category:"category"  sku:"sku" id:"645af98497a54ec9f425feaa"  name:"asdasd"  category:"category"  sku:"sku" id:"645af91fc3bfbec8ac68fba1"  name:"asdasd"  category:"category"  sku:"sku" id:"645af8c132106b50dd7948b2"  name:"asdasd"  category:"category"  sku:"sku" id:"645af8bf32106b50dd7948af"  name:"asdasd"  category:"category"  sku:"sku" id:"645ab5d232106b50dd7948ac"  name:"asdasd"  category:"category"  sku:"sku" id:"645ab571c62253746e544d8f"  name:"asdasd"  category:"category"  sku:"sku" id:"645ab55030fc403b0e6f2f78"  name:"asdasd"  category:"category"  sku:"sku" id:"645ab41f2c6d67f464fc04b0"  name:"asdasd"  category:"category"  sku:"sku" id:"645ab3d82719d830267b67b0"  name:"asdasd"  category:"category"  sku:"sku" id:"645ab3d72719d830267b67ae"  name:"asdasd"  category:"category"  sku:"sku" id:"645ab31a61a4de8942cf2366"  name:"asdasd"  category:"category"  sku:"sku"]
2023/05/09 18:57:11 Product to search:  searchTerm:{searchTerm:"asdasd"}
2023/05/09 18:57:11 CONFIG:  fulltextsearch
2023/05/09 18:57:11 Search completed: [id:"645af9de7f57c901207adab7"  name:"asdasd"  category:"category"  sku:"sku" id:"645af9d37f57c901207adab2"  name:"asdasd"  category:"category"  sku:"sku" id:"645af98497a54ec9f425feaa"  name:"asdasd"  category:"category"  sku:"sku" id:"645af91fc3bfbec8ac68fba1"  name:"asdasd"  category:"category"  sku:"sku" id:"645af8c132106b50dd7948b2"  name:"asdasd"  category:"category"  sku:"sku" id:"645af8bf32106b50dd7948af"  name:"asdasd"  category:"category"  sku:"sku" id:"645ab5d232106b50dd7948ac"  name:"asdasd"  category:"category"  sku:"sku" id:"645ab571c62253746e544d8f"  name:"asdasd"  category:"category"  sku:"sku" id:"645ab55030fc403b0e6f2f78"  name:"asdasd"  category:"category"  sku:"sku" id:"645ab41f2c6d67f464fc04b0"  name:"asdasd"  category:"category"  sku:"sku" id:"645ab3d82719d830267b67b0"  name:"asdasd"  category:"category"  sku:"sku" id:"645ab3d72719d830267b67ae"  name:"asdasd"  category:"category"  sku:"sku" id:"645ab31a61a4de8942cf2366"  name:"asdasd"  category:"category"  sku:"sku"]
2023/05/09 18:57:13 Product to search:  searchTerm:{searchTerm:"new"}
2023/05/09 18:57:13 CONFIG:  fulltextsearch
2023/05/09 18:57:13 Search completed: []
2023/05/09 18:57:14 Product to search:  searchTerm:{searchTerm:"new"}
2023/05/09 18:57:14 CONFIG:  fulltextsearch
2023/05/09 18:57:14 Search completed: []
2023/05/09 18:57:15 Product to search:  searchTerm:{searchTerm:"new"}
2023/05/09 18:57:15 CONFIG:  fulltextsearch
2023/05/09 18:57:15 Search completed: []
2023/05/09 18:57:15 Product to search:  searchTerm:{searchTerm:"new"}
2023/05/09 18:57:15 CONFIG:  fulltextsearch
2023/05/09 18:57:15 Search completed: []
2023/05/09 18:57:15 Product to search:  searchTerm:{searchTerm:"new"}
2023/05/09 18:57:15 CONFIG:  fulltextsearch
2023/05/09 18:57:15 Search completed: []
2023/05/09 18:57:15 Product to search:  searchTerm:{searchTerm:"new"}
2023/05/09 18:57:15 CONFIG:  fulltextsearch
2023/05/09 18:57:15 Search completed: []
2023/05/09 18:57:16 Product to add:  product:{name:"asdasd"  category:"category"  sku:"new"}
2023/05/09 18:57:16 Inserted document with ID ObjectID("645af9fc7f57c901207adac1")
2023/05/09 18:57:17 Product to search:  searchTerm:{searchTerm:"new"}
2023/05/09 18:57:17 CONFIG:  fulltextsearch
2023/05/09 18:57:17 Search completed: [id:"645af9fc7f57c901207adac1"  name:"asdasd"  category:"category"  sku:"new"]
2023/05/09 18:57:22 Product to add:  product:{name:"asdasd"  category:"category"  sku:"new"}
2023/05/09 18:57:22 Inserted document with ID ObjectID("645afa027f57c901207adac4")
2023/05/09 18:57:23 Product to search:  searchTerm:{searchTerm:"new"}
2023/05/09 18:57:23 CONFIG:  fulltextsearch
2023/05/09 18:57:23 Search completed: [id:"645afa027f57c901207adac4"  name:"asdasd"  category:"category"  sku:"new" id:"645af9fc7f57c901207adac1"  name:"asdasd"  category:"category"  sku:"new"]
2023/05/09 18:57:26 Product to add:  product:{name:"asdasd"  category:"test"  sku:"new"}
2023/05/09 18:57:26 Inserted document with ID ObjectID("645afa067f57c901207adac7")
2023/05/09 18:57:30 Product to search:  searchTerm:{searchTerm:"test"}
2023/05/09 18:57:30 CONFIG:  fulltextsearch
2023/05/09 18:57:30 Search completed: [id:"645afa067f57c901207adac7"  name:"asdasd"  category:"test"  sku:"new"]
2023/05/09 19:01:34 Storage server running
2023/05/09 19:03:39 Product to search:  searchTerm:{}
2023/05/09 19:03:39 CONFIG:  fulltextsearch
2023/05/09 19:03:39 Unable to complete the find on a collection :(IndexNotFound) text index required for $text query (no such collection 'fulltextsearch.products')
2023/05/09 19:07:11 Storage server running
2023/05/09 19:07:12 Product to add:  product:{name:"asd"  category:"asd"  sku:"asd"}
2023/05/09 19:07:13 Inserted document with ID ObjectID("645afc5069c280c1568b3c2c")
2023/05/09 19:08:14 Product to add:  product:{name:"asd"  category:"asd"  sku:"asd"}
2023/05/09 19:08:14 Inserted document with ID ObjectID("645afc8e69c280c1568b3c2e")
2023/05/09 19:08:27 Product to add:  product:{name:"asd"  category:"asd"  sku:"asd"}
2023/05/09 19:08:27 Inserted document with ID ObjectID("645afc9b69c280c1568b3c30")
2023/05/09 19:09:12 Product to search:  searchTerm:{}
2023/05/09 19:09:12 CONFIG:  fulltextsearch
2023/05/09 19:09:12 Unable to complete the find on a collection :(IndexNotFound) text index required for $text query
2023/05/09 19:10:46 Storage server running
2023/05/09 19:10:48 Product to add:  product:{name:"asd"  category:"asd"  sku:"asd"}
2023/05/09 19:10:48 Inserted document with ID ObjectID("645afd2845fab7232ee9dc2d")
2023/05/09 19:10:50 Product to search:  searchTerm:{searchTerm:"new"}
2023/05/09 19:10:50 CONFIG:  fulltextsearch
2023/05/09 19:10:50 Search completed: []
2023/05/09 19:10:53 Product to search:  searchTerm:{searchTerm:"asd"}
2023/05/09 19:10:53 CONFIG:  fulltextsearch
2023/05/09 19:10:53 Search completed: [id:"645afd2845fab7232ee9dc2d"  name:"asd"  category:"asd"  sku:"asd"]
2023/05/09 19:10:57 Product to search:  searchTerm:{searchTerm:"asd"}
2023/05/09 19:10:57 CONFIG:  fulltextsearch
2023/05/09 19:10:57 Search completed: [id:"645afd2845fab7232ee9dc2d"  name:"asd"  category:"asd"  sku:"asd"]
2023/05/09 19:10:59 Product to search:  searchTerm:{searchTerm:"aasd"}
2023/05/09 19:10:59 CONFIG:  fulltextsearch
2023/05/09 19:10:59 Search completed: []
2023/05/09 19:11:02 Product to search:  searchTerm:{searchTerm:"asda"}
2023/05/09 19:11:02 CONFIG:  fulltextsearch
2023/05/09 19:11:02 Search completed: []
2023/05/09 19:11:03 Product to search:  searchTerm:{searchTerm:"asda"}
2023/05/09 19:11:03 CONFIG:  fulltextsearch
2023/05/09 19:11:03 Search completed: []
2023/05/09 19:11:04 Product to search:  searchTerm:{searchTerm:"asda"}
2023/05/09 19:11:04 CONFIG:  fulltextsearch
2023/05/09 19:11:04 Search completed: []
2023/05/09 19:11:25 Product to add:  product:{name:"asda"  category:"asdsdasd"  sku:"asdasd"}
2023/05/09 19:11:25 Inserted document with ID ObjectID("645afd4d45fab7232ee9dc36")
2023/05/09 19:11:32 Product to search:  searchTerm:{searchTerm:"asda"}
2023/05/09 19:11:32 CONFIG:  fulltextsearch
2023/05/09 19:11:32 Search completed: [id:"645afd4d45fab7232ee9dc36"  name:"asda"  category:"asdsdasd"  sku:"asdasd"]
2023/05/09 19:11:36 Product to add:  product:{name:"asdas"  category:"asdsdasd"  sku:"asdasd"}
2023/05/09 19:11:36 Inserted document with ID ObjectID("645afd5845fab7232ee9dc39")
2023/05/09 19:11:38 Product to search:  searchTerm:{searchTerm:"asdas"}
2023/05/09 19:11:38 CONFIG:  fulltextsearch
2023/05/09 19:11:38 Search completed: [id:"645afd4d45fab7232ee9dc36"  name:"asda"  category:"asdsdasd"  sku:"asdasd" id:"645afd5845fab7232ee9dc39"  name:"asdas"  category:"asdsdasd"  sku:"asdasd"]
2023/05/09 19:11:46 Product to add:  product:{name:"asdass"  category:"asdsdasd"  sku:"asdasd"}
2023/05/09 19:11:46 Inserted document with ID ObjectID("645afd6245fab7232ee9dc3c")
2023/05/09 19:11:48 Product to search:  searchTerm:{searchTerm:"asdass"}
2023/05/09 19:11:48 CONFIG:  fulltextsearch
2023/05/09 19:11:48 Search completed: [id:"645afd6245fab7232ee9dc3c"  name:"asdass"  category:"asdsdasd"  sku:"asdasd"]
2023/05/09 19:12:31 Storage server running
2023/05/09 19:12:36 Product to add:  product:{name:"test name"  category:"test category"  sku:"test sku"}
2023/05/09 19:12:36 Inserted document with ID ObjectID("645afd94b416ed230ce5ca82")
2023/05/09 19:12:38 Product to add:  product:{name:"test name"  category:"test category"  sku:"test sku"}
2023/05/09 19:12:38 Inserted document with ID ObjectID("645afd96b416ed230ce5ca84")
2023/05/09 19:13:04 Product to add:  product:{name:"test name"  category:"test category"  sku:"test sku"}
2023/05/09 19:13:04 Inserted document with ID ObjectID("645afdb0b416ed230ce5ca86")
2023/05/09 19:13:36 Product to add:  product:{name:"test name"  category:"test category"  sku:"test sku"}
2023/05/09 19:13:36 Inserted document with ID ObjectID("645afdd0b416ed230ce5ca88")
