2023/05/02 14:05:58 API server running
2023/05/02 14:50:43 API server running
2023/05/02 20:16:32 API server running
2023/05/02 20:16:37 Creating a new product {0   }
2023/05/02 20:18:58 API server running
2023/05/02 20:19:02 Creating a new product {0   }
2023/05/02 20:19:15 Creating a new product {0   }
2023/05/02 20:32:30 Creating a new product {0   }
2023/05/03 11:26:06 API server running
2023/05/03 11:26:13 Creating a new product {0   }
2023/05/03 11:26:15 Creating a new product {0   }
2023/05/03 11:28:52 Creating a new product {0   }
2023/05/03 11:29:09 API server running
2023/05/03 11:29:10 Creating a new product &{{0xc0004fc2a0 -1 200} 0xc000504300 0xc000120100 [] [0x14ce100 0x14cf060 0x1559060 0x1558c80] 3 /product 0xc0004ca1a0 0xc000012090 0xc000012198 {{0 0} 0 0 0 0} map[]  [] map[] map[] 0}
2023/05/03 11:32:24 API server running
2023/05/03 11:32:29 Creating a new product &{{0xc00012a0e0 -1 200} 0xc0001d9b00 0xc000494200 [] [0x14ce100 0x14cf060 0x1559060 0x1558c80] 3 /product 0xc0004cc1a0 0xc00049e018 0xc00049e060 {{0 0} 0 0 0 0} map[]  [] map[] map[] 0}
2023/05/03 11:36:20 API server running
2023/05/03 11:39:37 API server running
2023/05/03 11:42:33 API server running
2023/05/03 11:43:45 API server running
2023/05/03 11:49:39 API server running
2023/05/03 11:49:41 Product to send is:  
2023/05/03 11:53:40 API server running
2023/05/03 11:53:42 Product to send is:  &{0   }
2023/05/03 11:53:59 Product to send is:  &{0   }
2023/05/03 11:55:04 Product to send is:  &{0   }
2023/05/03 11:55:51 Product to send is:  &{0   }
2023/05/03 11:56:10 Product to send is:  &{0   }
2023/05/03 11:56:19 Product to send is:  &{0   }
2023/05/03 11:57:06 API server running
2023/05/03 11:57:07 Product to send is:  &{0   }
2023/05/03 11:57:41 API server running
2023/05/03 11:57:48 Product to send is:  &{0 test  }
2023/05/03 11:58:29 API server running
2023/05/03 11:58:30 Product to send is:  name:"test"
2023/05/03 11:59:11 API server running
2023/05/03 11:59:15 Product to send is:  name:"test"
2023/05/03 12:03:28 Product to send is:  name:"test"
2023/05/03 12:04:53 Product to send is:  name:"test"  category:"test 2"
2023/05/03 12:06:46 Product to send is:  name:"test 1"  category:"test 2"  sku:"test 3"
2023/05/03 12:38:56 API server running
2023/05/03 12:54:12 API server running
2023/05/03 12:54:29 Searching products for:  searchTerm:"asdasd"
2023/05/03 12:54:40 Searching products for:  searchTerm:"asdasd"
2023/05/03 12:55:32 API server running
2023/05/03 12:55:37 Searching products for:  searchTerm:"asdasd"
2023/05/03 12:56:11 API server running
2023/05/03 12:56:27 Searching products for:  searchTerm:"asdasd"
2023/05/03 13:01:44 Searching products for:  searchTerm:"asdasd"
2023/05/03 13:01:55 API server running
2023/05/03 13:01:59 Searching products for:  searchTerm:"asdasd"
2023/05/03 13:07:04 API server running
2023/05/03 13:07:09 Searching products for:  searchTerm:"asdasd"
2023/05/03 13:08:34 Searching products for:  searchTerm:"asdasd"
2023/05/03 13:29:29 Searching products for:  searchTerm:"asdasd"
2023/05/03 13:35:39 Product to send is:  name:"new product"  category:"with description"  sku:"sku item"
2023/05/03 13:39:44 Searching products for:  searchTerm:"test"
2023/05/03 13:41:00 Searching products for:  searchTerm:"test"
2023/05/03 13:46:55 Searching products for:  searchTerm:"test"
2023/05/03 13:52:14 Searching products for:  searchTerm:"test"
2023/05/03 13:54:57 Searching products for:  searchTerm:"test"
2023/05/03 14:00:32 API server running
2023/05/03 14:04:45 Searching products for:  searchTerm:"test"
2023/05/03 14:05:53 API server running
2023/05/03 14:05:54 Searching products for:  searchTerm:"test"
2023/05/03 14:06:06 Searching products for:  searchTerm:"First"
2023/05/03 14:07:39 API server running
2023/05/03 14:07:51 Searching products for:  searchTerm:"First"
2023/05/03 14:08:36 Searching products for:  searchTerm:"First"
2023/05/03 14:22:13 Searching products for:  searchTerm:"asasd"
2023/05/03 14:36:47 Searching products for:  searchTerm:"asdasd"
2023/05/03 14:37:10 Searching products for:  searchTerm:"asdasd"
2023/05/03 14:38:20 Searching products for:  searchTerm:"asdasd"
2023/05/03 14:38:52 Searching products for:  searchTerm:"asdasd"
2023/05/03 14:39:16 Searching products for:  searchTerm:"asdasd"
2023/05/03 14:39:30 Searching products for:  searchTerm:"asd"
2023/05/03 14:39:51 Searching products for:  searchTerm:"test"
2023/05/03 14:40:51 Searching products for:  searchTerm:"test"
2023/05/03 14:40:54 Searching products for:  searchTerm:"test"
2023/05/03 14:41:09 Searching products for:  searchTerm:"test"
2023/05/03 14:41:25 Searching products for:  searchTerm:"test"
2023/05/03 14:41:38 Searching products for:  searchTerm:"asd"
2023/05/03 14:42:44 Searching products for:  searchTerm:"asd"
2023/05/03 14:42:45 Searching products for:  searchTerm:"asd"
2023/05/03 14:42:49 Searching products for:  searchTerm:"test"
2023/05/03 14:42:50 Searching products for:  searchTerm:"test"
2023/05/03 14:49:29 Searching products for:  searchTerm:"asd"
2023/05/03 14:49:30 Searching products for:  searchTerm:"test"
2023/05/03 14:49:35 Searching products for:  searchTerm:"asdasd"
2023/05/03 14:50:46 Product to send is:  name:"new"  category:"product"  sku:"test"
2023/05/03 14:50:54 Searching products for:  searchTerm:"new"
2023/05/03 14:51:14 Searching products for:  searchTerm:"new"
2023/05/03 14:51:14 Searching products for:  searchTerm:"new"
2023/05/03 14:53:20 Searching products for:  searchTerm:"new"
2023/05/03 14:54:03 Searching products for:  searchTerm:"new"
2023/05/03 14:54:58 Searching products for:  searchTerm:"new"
2023/05/03 14:55:14 Searching products for:  searchTerm:"new"
2023/05/03 14:55:27 Searching products for:  searchTerm:"new"
2023/05/03 14:55:42 Searching products for:  searchTerm:"new"
2023/05/03 14:55:56 Searching products for:  searchTerm:"new"
2023/05/03 14:56:15 Searching products for:  searchTerm:"new"
2023/05/03 15:04:11 Searching products for:  searchTerm:"new"
2023/05/03 15:05:23 Searching products for:  searchTerm:"new"
2023/05/03 15:06:07 Searching products for:  searchTerm:"asdasd"
2023/05/03 15:06:13 Searching products for:  searchTerm:"test"
2023/05/03 15:06:17 Searching products for:  searchTerm:"new"
2023/05/03 15:06:42 Searching products for:  searchTerm:"asdasd"
2023/05/03 15:06:45 Searching products for:  searchTerm:"asdasdasdasd"
2023/05/03 15:14:43 Searching products for:  searchTerm:"test"
2023/05/03 15:14:48 Searching products for:  searchTerm:"test 2"
2023/05/03 15:14:50 Searching products for:  searchTerm:"test 2"
2023/05/03 15:14:50 Searching products for:  searchTerm:"test 2"
2023/05/03 15:14:50 Searching products for:  searchTerm:"test 2"
2023/05/03 15:14:53 Searching products for:  searchTerm:"test 2 3"
2023/05/03 15:14:56 Searching products for:  searchTerm:"test 2 3 4"
2023/05/03 15:15:08 Searching products for:  searchTerm:"blah"
2023/05/03 15:15:28 Searching products for:  searchTerm:"blah"
2023/05/03 15:15:28 Searching products for:  searchTerm:"blah"
2023/05/03 15:15:29 Searching products for:  searchTerm:"blah"
2023/05/03 15:15:32 Searching products for:  searchTerm:"blah"
2023/05/03 15:15:47 Searching products for:  searchTerm:"blah"
2023/05/03 15:15:56 Searching products for:  searchTerm:"blah"
2023/05/03 15:15:57 Searching products for:  searchTerm:"blah"
2023/05/03 15:15:58 Searching products for:  searchTerm:"blah"
2023/05/03 15:15:58 Searching products for:  searchTerm:"blah"
2023/05/03 15:15:58 Searching products for:  searchTerm:"blah"
2023/05/03 15:15:59 Searching products for:  searchTerm:"blah"
2023/05/03 15:16:02 Searching products for:  searchTerm:"blah"
2023/05/03 15:16:07 Searching products for:  searchTerm:"a"
2023/05/03 15:16:22 Searching products for:  searchTerm:"a"
2023/05/03 15:16:22 Searching products for:  searchTerm:"a"
2023/05/03 15:16:22 Searching products for:  searchTerm:"a"
2023/05/03 15:16:22 Searching products for:  searchTerm:"a"
2023/05/03 15:16:23 Searching products for:  searchTerm:"a"
2023/05/03 15:16:23 Searching products for:  searchTerm:"a"
2023/05/03 15:16:23 Searching products for:  searchTerm:"a"
2023/05/03 15:16:25 Searching products for:  searchTerm:"as"
2023/05/03 15:16:27 Searching products for:  searchTerm:"ass"
2023/05/03 15:16:29 Searching products for:  searchTerm:"test"
2023/05/03 15:16:36 Searching products for:  searchTerm:"blah"
2023/05/03 15:16:36 Searching products for:  searchTerm:"blah"
2023/05/03 15:16:51 Searching products for:  searchTerm:"blah"
2023/05/03 15:17:04 Searching products for:  searchTerm:"blah"
2023/05/03 15:17:05 Searching products for:  searchTerm:"blah"
2023/05/03 15:17:14 Searching products for:  searchTerm:"blah"
2023/05/03 15:17:38 Searching products for:  searchTerm:"blah"
2023/05/03 15:17:39 Searching products for:  searchTerm:"blah"
2023/05/03 15:17:45 Searching products for:  searchTerm:"blah"
2023/05/03 15:17:50 Searching products for:  searchTerm:"new"
2023/05/03 15:17:55 Searching products for:  searchTerm:"blah"
2023/05/03 15:18:07 Searching products for:  searchTerm:"blah"
2023/05/03 15:18:07 Searching products for:  searchTerm:"blah"
2023/05/03 15:18:07 Searching products for:  searchTerm:"blah"
2023/05/03 15:18:07 Searching products for:  searchTerm:"blah"
2023/05/03 15:18:26 Searching products for:  searchTerm:"asdasd"
2023/05/03 15:18:29 Searching products for:  searchTerm:"new"
2023/05/03 15:18:35 Searching products for:  searchTerm:"news"
2023/05/03 15:18:36 Searching products for:  searchTerm:"news"
2023/05/03 15:18:38 Searching products for:  searchTerm:"new"
2023/05/03 15:18:42 Searching products for:  searchTerm:"blah"
2023/05/03 15:19:13 Searching products for:  searchTerm:"blah"
2023/05/03 15:19:13 Searching products for:  searchTerm:"blah"
2023/05/03 15:19:14 Searching products for:  searchTerm:"blah"
2023/05/03 15:19:17 Searching products for:  searchTerm:"blah"
2023/05/03 15:19:18 Searching products for:  searchTerm:"blah"
2023/05/03 15:19:18 Searching products for:  searchTerm:"blah"
2023/05/03 15:19:19 Searching products for:  searchTerm:"blah"
2023/05/03 15:19:27 Searching products for:  searchTerm:"blah"
2023/05/03 15:19:27 Searching products for:  searchTerm:"blah"
2023/05/03 15:19:27 Searching products for:  searchTerm:"blah"
2023/05/03 15:20:42 Searching products for:  
2023/05/03 15:20:48 Searching products for:  searchTerm:"asdsad"
2023/05/03 15:20:49 Searching products for:  searchTerm:"asdsad"
2023/05/03 15:20:49 Searching products for:  searchTerm:"asdsad"
2023/05/03 15:20:54 Searching products for:  searchTerm:"new"
2023/05/03 15:22:04 Searching products for:  searchTerm:"new"
2023/05/03 15:22:20 Searching products for:  searchTerm:"blah"
2023/05/03 15:23:44 API server running
2023/05/03 15:25:22 API server running
2023/05/03 15:25:26 Searching products for:  searchTerm:"blah"
2023/05/03 15:25:39 Searching products for:  searchTerm:"new"
2023/05/03 15:27:02 API server running
2023/05/03 15:27:09 Searching products for:  searchTerm:"blah"
2023/05/03 15:28:23 Searching products for:  searchTerm:"test"
2023/05/03 15:28:27 Searching products for:  searchTerm:"blah"
2023/05/03 15:29:03 Searching products for:  searchTerm:"blah"
2023/05/03 15:29:13 Searching products for:  searchTerm:"blah"
2023/05/03 15:29:16 Searching products for:  searchTerm:"blah"
2023/05/03 15:29:18 Searching products for:  searchTerm:"test"
2023/05/03 15:29:22 Searching products for:  searchTerm:"new"
2023/05/03 15:30:25 Product to send is:  name:"yes"  category:"no"  sku:"1234"
2023/05/03 15:30:30 Searching products for:  searchTerm:"yes"
2023/05/03 15:30:35 Searching products for:  searchTerm:"no"
2023/05/03 15:30:37 Searching products for:  searchTerm:"no"
2023/05/03 15:30:37 Searching products for:  searchTerm:"no"
2023/05/03 15:37:54 Searching products for:  searchTerm:"no"
2023/05/03 15:37:59 Searching products for:  searchTerm:"yes"
2023/05/03 15:38:05 Product to send is:  name:"yes"  category:"no"  sku:"1234"
2023/05/03 15:38:07 Searching products for:  searchTerm:"yes"
2023/05/03 15:38:15 Product to send is:  name:"no"  category:"yes"  sku:"1236"
2023/05/03 15:38:19 Searching products for:  searchTerm:"1234"
2023/05/03 15:38:24 Searching products for:  searchTerm:"yes"
2023/05/03 15:38:30 Searching products for:  searchTerm:"no"
2023/05/03 15:38:31 Searching products for:  searchTerm:"no"
2023/05/03 15:38:31 Searching products for:  searchTerm:"no"
2023/05/03 15:38:31 Searching products for:  searchTerm:"no"
2023/05/03 15:43:03 Searching products for:  searchTerm:"no"
2023/05/03 15:46:01 Searching products for:  searchTerm:"no"
2023/05/03 15:46:41 API server running
2023/05/03 15:46:53 Product to search:  searchTerm:"no"
2023/05/03 15:46:53 The return response from rpc:  
2023/05/03 19:57:40 API server running
2023/05/03 20:01:39 API server running
2023/05/03 20:02:03 Product to add:  name:"1"  category:"2"  sku:"3"
2023/05/03 20:02:04 Product created success:  success:true
2023/05/03 20:02:07 Product to search:  
2023/05/03 20:02:07 Search products success:  
2023/05/03 20:02:08 Product to search:  searchTerm:"1"
2023/05/03 20:02:08 Search products success:  products:{id:"6453202bb491c2ae3fcd3c0c"  name:"1"  category:"2"  sku:"3"}
2023/05/03 20:02:11 Product to search:  searchTerm:"test"
2023/05/03 20:02:11 Search products success:  
2023/05/03 20:02:15 Product to search:  searchTerm:"new"
2023/05/03 20:02:15 Search products success:  
2023/05/03 20:04:48 Product to search:  searchTerm:"1"
2023/05/03 20:04:48 Search products success:  products:{id:"6453202bb491c2ae3fcd3c0c"  name:"1"  category:"2"  sku:"3"}
2023/05/03 20:04:54 Product to search:  searchTerm:"1"
2023/05/03 20:04:54 Search products success:  products:{id:"6453202bb491c2ae3fcd3c0c"  name:"1"  category:"2"  sku:"3"}
2023/05/03 20:04:56 Product to search:  searchTerm:"test"
2023/05/03 20:04:56 Search products success:  
2023/05/03 20:04:59 Product to add:  name:"test"  category:"2"  sku:"test"
2023/05/03 20:04:59 Product created success:  success:true
2023/05/03 20:05:00 Product to search:  searchTerm:"test"
2023/05/03 20:05:00 Search products success:  products:{id:"645320dbb491c2ae3fcd3c15"  name:"test"  category:"2"  sku:"test"}
2023/05/03 20:05:01 Product to search:  searchTerm:"test"
2023/05/03 20:05:01 Search products success:  products:{id:"645320dbb491c2ae3fcd3c15"  name:"test"  category:"2"  sku:"test"}
2023/05/03 20:05:03 Product to add:  name:"test"  category:"2"  sku:"test"
2023/05/03 20:05:03 Product created success:  success:true
2023/05/03 20:05:04 Product to search:  searchTerm:"test"
2023/05/03 20:05:04 Search products success:  products:{id:"645320dfb491c2ae3fcd3c19"  name:"test"  category:"2"  sku:"test"}  products:{id:"645320dbb491c2ae3fcd3c15"  name:"test"  category:"2"  sku:"test"}
2023/05/03 20:06:00 Product to search:  searchTerm:"asd"
2023/05/03 20:06:00 Search products success:  
2023/05/03 20:06:04 Product to add:  name:"asd"  category:"asd"  sku:"asd"
2023/05/03 20:06:04 Product created success:  success:true
2023/05/03 20:06:06 Product to search:  searchTerm:"asd"
2023/05/03 20:06:06 Search products success:  products:{id:"6453211cb491c2ae3fcd3c1d"  name:"asd"  category:"asd"  sku:"asd"}
2023/05/03 20:06:47 API server running
2023/05/03 20:06:53 Product to search:  searchTerm:"asd"
2023/05/03 20:06:53 Search products success:  products:{id:"6453211cb491c2ae3fcd3c1d"  name:"asd"  category:"asd"  sku:"asd"}
2023/05/03 20:06:56 Product to search:  searchTerm:"asd"
2023/05/03 20:06:56 Search products success:  products:{id:"6453211cb491c2ae3fcd3c1d"  name:"asd"  category:"asd"  sku:"asd"}
2023/05/03 20:07:01 Product to add:  name:"asdasd"  category:"asdasd"  sku:"asdasd"
2023/05/03 20:07:01 Product created success:  success:true
2023/05/03 20:07:06 Product to search:  searchTerm:"asd"
2023/05/03 20:07:06 Search products success:  products:{id:"6453211cb491c2ae3fcd3c1d"  name:"asd"  category:"asd"  sku:"asd"}
2023/05/03 20:07:08 Product to search:  searchTerm:"asd"
2023/05/03 20:07:08 Product to search:  searchTerm:"asd"
2023/05/03 20:07:08 Search products success:  products:{id:"6453211cb491c2ae3fcd3c1d"  name:"asd"  category:"asd"  sku:"asd"}
2023/05/03 20:07:08 Search products success:  products:{id:"6453211cb491c2ae3fcd3c1d"  name:"asd"  category:"asd"  sku:"asd"}
2023/05/03 20:07:18 Product to add:  name:"asdasd"  category:"asdasd"  sku:"asdasd"
2023/05/03 20:07:18 Product created success:  success:true
2023/05/03 20:07:20 Product to search:  searchTerm:"asd"
2023/05/03 20:07:20 Search products success:  products:{id:"6453211cb491c2ae3fcd3c1d"  name:"asd"  category:"asd"  sku:"asd"}
2023/05/03 20:07:27 Product to search:  searchTerm:"asdasd"
2023/05/03 20:07:27 Search products success:  products:{id:"64532166b491c2ae3fcd3c27"  name:"asdasd"  category:"asdasd"  sku:"asdasd"}  products:{id:"64532155b491c2ae3fcd3c22"  name:"asdasd"  category:"asdasd"  sku:"asdasd"}
2023/05/03 20:08:05 API server running
2023/05/03 20:08:09 Product to add:  name:"asdasd"  category:"asdasd"  sku:"asdasd"
2023/05/03 20:08:09 Product created success:  success:true
2023/05/03 20:08:10 Product to search:  searchTerm:"asdasd"
2023/05/03 20:08:10 Search products success:  products:{id:"6453219959b0f4e8c19c7d3d"  name:"asdasd"  category:"asdasd"  sku:"asdasd"}  products:{id:"64532166b491c2ae3fcd3c27"  name:"asdasd"  category:"asdasd"  sku:"asdasd"}  products:{id:"64532155b491c2ae3fcd3c22"  name:"asdasd"  category:"asdasd"  sku:"asdasd"}
2023/05/03 20:08:17 Product to search:  searchTerm:"asdasd"
2023/05/03 20:08:17 Search products success:  products:{id:"6453219959b0f4e8c19c7d3d"  name:"asdasd"  category:"asdasd"  sku:"asdasd"}  products:{id:"64532166b491c2ae3fcd3c27"  name:"asdasd"  category:"asdasd"  sku:"asdasd"}  products:{id:"64532155b491c2ae3fcd3c22"  name:"asdasd"  category:"asdasd"  sku:"asdasd"}
2023/05/03 20:08:18 Product to add:  name:"asdasd"  category:"2"  sku:"asdasd"
2023/05/03 20:08:18 Product created success:  success:true
2023/05/03 20:08:21 Product to search:  searchTerm:"2"
2023/05/03 20:08:21 Search products success:  products:{id:"645321a259b0f4e8c19c7d41"  name:"asdasd"  category:"2"  sku:"asdasd"}  products:{id:"645320dfb491c2ae3fcd3c19"  name:"test"  category:"2"  sku:"test"}  products:{id:"645320dbb491c2ae3fcd3c15"  name:"test"  category:"2"  sku:"test"}  products:{id:"6453202bb491c2ae3fcd3c0c"  name:"1"  category:"2"  sku:"3"}
2023/05/08 12:25:35 API server running
2023/05/08 12:38:54 Product to add:  name:"new"  category:"product"  sku:"this"
2023/05/08 12:38:54 Product created success:  success:true
2023/05/08 12:39:06 Product to search:  searchTerm:"new"
2023/05/08 12:39:06 Search products success:  products:{id:"64594fce6d3a0e5daa114b71"  name:"new"  category:"product"  sku:"this"}
2023/05/08 13:01:35 Product to add:  name:"new"  category:"product"  sku:"this"
2023/05/08 13:01:35 Product created success:  success:true
2023/05/08 13:01:36 Product to search:  searchTerm:"new"
2023/05/08 13:01:36 Search products success:  products:{id:"6459551f6d3a0e5daa114b74"  name:"new"  category:"product"  sku:"this"}  products:{id:"64594fce6d3a0e5daa114b71"  name:"new"  category:"product"  sku:"this"}
2023/05/08 14:33:17 API server running
2023/05/08 14:33:27 Error has occured validating create product  Validatation error occured on the product sku
2023/05/08 14:34:02 Product to search:  searchTerm:"new"
2023/05/08 14:34:02 Search products success:  products:{id:"6459551f6d3a0e5daa114b74"  name:"new"  category:"product"  sku:"this"}  products:{id:"64594fce6d3a0e5daa114b71"  name:"new"  category:"product"  sku:"this"}
2023/05/08 14:34:03 Product to search:  searchTerm:"new"
2023/05/08 14:34:03 Search products success:  products:{id:"6459551f6d3a0e5daa114b74"  name:"new"  category:"product"  sku:"this"}  products:{id:"64594fce6d3a0e5daa114b71"  name:"new"  category:"product"  sku:"this"}
2023/05/08 14:34:47 Error has occured validating create product  Validatation error occured on the product sku
2023/05/08 14:36:17 Error has occured validating create product  Validatation error occured on the product sku
2023/05/08 14:36:30 API server running
2023/05/08 14:37:10 Error has occured validating create product  Product sku must not be empty
2023/05/08 14:37:11 Error has occured validating create product  Product sku must not be empty
2023/05/08 14:37:11 Error has occured validating create product  Product sku must not be empty
2023/05/08 14:37:41 Error has occured validating create product  Product sku must not be empty
2023/05/08 14:38:21 Error has occured validating create product  Product sku must not be empty
2023/05/08 14:40:36 API server running
2023/05/08 14:40:54 Product to add:  {{{{} [] [] <nil>} 0 []  new product sku}}
2023/05/08 14:40:54 Product created success:  success:true
2023/05/08 14:40:54 Product to search:  searchTerm:"new"
2023/05/08 14:40:54 Search products success:  products:{id:"64596c666d3a0e5daa114bbf" name:"new" category:"product" sku:"sku"} products:{id:"6459551f6d3a0e5daa114b74" name:"new" category:"product" sku:"this"} products:{id:"64594fce6d3a0e5daa114b71" name:"new" category:"product" sku:"this"}
2023/05/08 14:40:57 Error has occured validating create product  Product category must not be empty
2023/05/08 14:42:17 Error has occured validating create product  Product name must not be empty
2023/05/08 14:42:18 Error has occured validating create product  Product name must not be empty
2023/05/08 14:42:18 Error has occured validating create product  Product name must not be empty
2023/05/08 14:42:20 Product to add:  {{{{} [] [] <nil>} 0 []  asdasd category sku}}
2023/05/08 14:42:20 Product created success:  success:true
2023/05/08 14:42:25 Product to search:  searchTerm:"asd"
2023/05/08 14:42:25 Search products success:  products:{id:"6453211cb491c2ae3fcd3c1d" name:"asd" category:"asd" sku:"asd"}
2023/05/08 14:42:29 Product to search:  searchTerm:"asdasd"
2023/05/08 14:42:29 Search products success:  products:{id:"6453219959b0f4e8c19c7d3d" name:"asdasd" category:"asdasd" sku:"asdasd"} products:{id:"64532166b491c2ae3fcd3c27" name:"asdasd" category:"asdasd" sku:"asdasd"} products:{id:"64532155b491c2ae3fcd3c22" name:"asdasd" category:"asdasd" sku:"asdasd"} products:{id:"645321a259b0f4e8c19c7d41" name:"asdasd" category:"2" sku:"asdasd"} products:{id:"64596cbc6d3a0e5daa114bc4" name:"asdasd" category:"category" sku:"sku"}
2023/05/08 14:42:34 Product to add:  {{{{} [] [] <nil>} 0 []  asdasd category sku}}
2023/05/08 14:42:34 Product created success:  success:true
2023/05/08 14:42:35 Product to search:  searchTerm:"asdasd"
2023/05/08 14:42:35 Search products success:  products:{id:"6453219959b0f4e8c19c7d3d" name:"asdasd" category:"asdasd" sku:"asdasd"} products:{id:"64532166b491c2ae3fcd3c27" name:"asdasd" category:"asdasd" sku:"asdasd"} products:{id:"64532155b491c2ae3fcd3c22" name:"asdasd" category:"asdasd" sku:"asdasd"} products:{id:"645321a259b0f4e8c19c7d41" name:"asdasd" category:"2" sku:"asdasd"} products:{id:"64596cca6d3a0e5daa114bc8" name:"asdasd" category:"category" sku:"sku"} products:{id:"64596cbc6d3a0e5daa114bc4" name:"asdasd" category:"category" sku:"sku"}
2023/05/08 14:42:41 Product to search:  searchTerm:"asd"
2023/05/08 14:42:41 Search products success:  products:{id:"6453211cb491c2ae3fcd3c1d" name:"asd" category:"asd" sku:"asd"}
2023/05/08 14:42:42 Product to search:  searchTerm:"asd"
2023/05/08 14:42:42 Search products success:  products:{id:"6453211cb491c2ae3fcd3c1d" name:"asd" category:"asd" sku:"asd"}
2023/05/09 12:44:32 Product to search:  searchTerm:"asd"
2023/05/09 12:44:32 Search products success:  products:{id:"6453211cb491c2ae3fcd3c1d" name:"asd" category:"asd" sku:"asd"}
2023/05/09 12:44:35 Product to search:  searchTerm:"new"
2023/05/09 12:44:35 Search products success:  products:{id:"64596c666d3a0e5daa114bbf" name:"new" category:"product" sku:"sku"} products:{id:"6459551f6d3a0e5daa114b74" name:"new" category:"product" sku:"this"} products:{id:"64594fce6d3a0e5daa114b71" name:"new" category:"product" sku:"this"}
2023/05/09 13:18:37 API server running
2023/05/09 13:23:28 API server running
2023/05/09 13:24:13 {localhost 8080}
2023/05/09 13:24:13 Product to add:  {{{{} [] [] <nil>} 0 []  asdasd category sku}}
2023/05/09 13:24:13 Product created success:  success:true
2023/05/09 13:32:13 API server running
2023/05/09 13:32:24 localhost:localhost
2023/05/09 13:32:24 Product to add:  {{{{} [] [] <nil>} 0 []  asdasd category sku}}
2023/05/09 13:32:24 Product created success:  success:true
2023/05/09 13:32:57 API server running
2023/05/09 13:33:00 localhost:8080
2023/05/09 13:33:00 Product to add:  {{{{} [] [] <nil>} 0 []  asdasd category sku}}
2023/05/09 13:33:00 Product created success:  success:true
2023/05/09 13:34:20 API server running
2023/05/09 13:34:25 Product to add:  {{{{} [] [] <nil>} 0 []  asdasd category sku}}
2023/05/09 13:34:25 Product created success:  success:true
2023/05/09 13:34:33 Product to search:  searchTerm:"asdasd"
2023/05/09 13:34:33 Search products success:  products:{id:"6453219959b0f4e8c19c7d3d" name:"asdasd" category:"asdasd" sku:"asdasd"} products:{id:"64532166b491c2ae3fcd3c27" name:"asdasd" category:"asdasd" sku:"asdasd"} products:{id:"64532155b491c2ae3fcd3c22" name:"asdasd" category:"asdasd" sku:"asdasd"} products:{id:"645321a259b0f4e8c19c7d41" name:"asdasd" category:"2" sku:"asdasd"} products:{id:"645aae51c3ec878e7c5ef3f9" name:"asdasd" category:"category" sku:"sku"} products:{id:"645aadfcc3ec878e7c5ef3f7" name:"asdasd" category:"category" sku:"sku"} products:{id:"645aadd8c3ec878e7c5ef3f5" name:"asdasd" category:"category" sku:"sku"} products:{id:"645aabedc3ec878e7c5ef3f3" name:"asdasd" category:"category" sku:"sku"} products:{id:"64596cca6d3a0e5daa114bc8" name:"asdasd" category:"category" sku:"sku"} products:{id:"64596cbc6d3a0e5daa114bc4" name:"asdasd" category:"category" sku:"sku"}
2023/05/09 13:34:35 Product to add:  {{{{} [] [] <nil>} 0 []  asdasd category sku}}
2023/05/09 13:34:35 Product created success:  success:true
2023/05/09 13:34:36 Product to search:  searchTerm:"asdasd"
2023/05/09 13:34:36 Search products success:  products:{id:"6453219959b0f4e8c19c7d3d" name:"asdasd" category:"asdasd" sku:"asdasd"} products:{id:"64532166b491c2ae3fcd3c27" name:"asdasd" category:"asdasd" sku:"asdasd"} products:{id:"64532155b491c2ae3fcd3c22" name:"asdasd" category:"asdasd" sku:"asdasd"} products:{id:"645321a259b0f4e8c19c7d41" name:"asdasd" category:"2" sku:"asdasd"} products:{id:"645aae5bc3ec878e7c5ef3fc" name:"asdasd" category:"category" sku:"sku"} products:{id:"645aae51c3ec878e7c5ef3f9" name:"asdasd" category:"category" sku:"sku"} products:{id:"645aadfcc3ec878e7c5ef3f7" name:"asdasd" category:"category" sku:"sku"} products:{id:"645aadd8c3ec878e7c5ef3f5" name:"asdasd" category:"category" sku:"sku"} products:{id:"645aabedc3ec878e7c5ef3f3" name:"asdasd" category:"category" sku:"sku"} products:{id:"64596cca6d3a0e5daa114bc8" name:"asdasd" category:"category" sku:"sku"} products:{id:"64596cbc6d3a0e5daa114bc4" name:"asdasd" category:"category" sku:"sku"}
2023/05/09 13:36:46 API server running
2023/05/09 13:37:00 API server running
2023/05/09 13:37:03 Product to add:  {{{{} [] [] <nil>} 0 []  asdasd category sku}}
2023/05/09 13:37:03 Product created success:  success:true
2023/05/09 13:37:06 Product to search:  searchTerm:"asdasd"
2023/05/09 13:37:06 Search products success:  products:{id:"6453219959b0f4e8c19c7d3d"  name:"asdasd"  category:"asdasd"  sku:"asdasd"}  products:{id:"64532166b491c2ae3fcd3c27"  name:"asdasd"  category:"asdasd"  sku:"asdasd"}  products:{id:"64532155b491c2ae3fcd3c22"  name:"asdasd"  category:"asdasd"  sku:"asdasd"}  products:{id:"645321a259b0f4e8c19c7d41"  name:"asdasd"  category:"2"  sku:"asdasd"}  products:{id:"645aaeefc3ec878e7c5ef3ff"  name:"asdasd"  category:"category"  sku:"sku"}  products:{id:"645aae5bc3ec878e7c5ef3fc"  name:"asdasd"  category:"category"  sku:"sku"}  products:{id:"645aae51c3ec878e7c5ef3f9"  name:"asdasd"  category:"category"  sku:"sku"}  products:{id:"645aadfcc3ec878e7c5ef3f7"  name:"asdasd"  category:"category"  sku:"sku"}  products:{id:"645aadd8c3ec878e7c5ef3f5"  name:"asdasd"  category:"category"  sku:"sku"}  products:{id:"645aabedc3ec878e7c5ef3f3"  name:"asdasd"  category:"category"  sku:"sku"}  products:{id:"64596cca6d3a0e5daa114bc8"  name:"asdasd"  category:"category"  sku:"sku"}  products:{id:"64596cbc6d3a0e5daa114bc4"  name:"asdasd"  category:"category"  sku:"sku"}
2023/05/09 13:38:45 API server running
2023/05/09 13:39:27 API server running
2023/05/09 13:40:10 API server running
2023/05/09 13:41:06 API server running
2023/05/09 13:41:09 Product to add:  {{{{} [] [] <nil>} 0 []  asdasd category sku}}
2023/05/09 13:41:09 Product created success:  success:true
2023/05/09 13:41:10 Product to search:  searchTerm:"asdasd"
2023/05/09 13:41:10 Search products success:  products:{id:"6453219959b0f4e8c19c7d3d"  name:"asdasd"  category:"asdasd"  sku:"asdasd"}  products:{id:"64532166b491c2ae3fcd3c27"  name:"asdasd"  category:"asdasd"  sku:"asdasd"}  products:{id:"64532155b491c2ae3fcd3c22"  name:"asdasd"  category:"asdasd"  sku:"asdasd"}  products:{id:"645321a259b0f4e8c19c7d41"  name:"asdasd"  category:"2"  sku:"asdasd"}  products:{id:"645aafe5c3ec878e7c5ef402"  name:"asdasd"  category:"category"  sku:"sku"}  products:{id:"645aaeefc3ec878e7c5ef3ff"  name:"asdasd"  category:"category"  sku:"sku"}  products:{id:"645aae5bc3ec878e7c5ef3fc"  name:"asdasd"  category:"category"  sku:"sku"}  products:{id:"645aae51c3ec878e7c5ef3f9"  name:"asdasd"  category:"category"  sku:"sku"}  products:{id:"645aadfcc3ec878e7c5ef3f7"  name:"asdasd"  category:"category"  sku:"sku"}  products:{id:"645aadd8c3ec878e7c5ef3f5"  name:"asdasd"  category:"category"  sku:"sku"}  products:{id:"645aabedc3ec878e7c5ef3f3"  name:"asdasd"  category:"category"  sku:"sku"}  products:{id:"64596cca6d3a0e5daa114bc8"  name:"asdasd"  category:"category"  sku:"sku"}  products:{id:"64596cbc6d3a0e5daa114bc4"  name:"asdasd"  category:"category"  sku:"sku"}
2023/05/09 13:52:44 API server running
2023/05/09 13:52:53 Product to search:  searchTerm:"asdasd"
2023/05/09 13:52:53 Product created failure:  twirp error internal: failed to do request: Post "http://localhost:8088/twirp/rundoo.com.rpc.ProductService/SearchProducts": dial tcp [::1]:8088: connect: connection refused
2023/05/09 13:53:00 Product to add:  {{{{} [] [] <nil>} 0 []  asdasd category sku}}
2023/05/09 13:53:00 Product created failure:  twirp error internal: failed to do request: Post "http://localhost:8088/twirp/rundoo.com.rpc.ProductService/AddProduct": dial tcp [::1]:8088: connect: connection refused
2023/05/09 13:54:29 Product to search:  searchTerm:"asdasd"
2023/05/09 13:54:29 Search products success:  products:{id:"6453219959b0f4e8c19c7d3d" name:"asdasd" category:"asdasd" sku:"asdasd"} products:{id:"64532166b491c2ae3fcd3c27" name:"asdasd" category:"asdasd" sku:"asdasd"} products:{id:"64532155b491c2ae3fcd3c22" name:"asdasd" category:"asdasd" sku:"asdasd"} products:{id:"645321a259b0f4e8c19c7d41" name:"asdasd" category:"2" sku:"asdasd"} products:{id:"645aafe5c3ec878e7c5ef402" name:"asdasd" category:"category" sku:"sku"} products:{id:"645aaeefc3ec878e7c5ef3ff" name:"asdasd" category:"category" sku:"sku"} products:{id:"645aae5bc3ec878e7c5ef3fc" name:"asdasd" category:"category" sku:"sku"} products:{id:"645aae51c3ec878e7c5ef3f9" name:"asdasd" category:"category" sku:"sku"} products:{id:"645aadfcc3ec878e7c5ef3f7" name:"asdasd" category:"category" sku:"sku"} products:{id:"645aadd8c3ec878e7c5ef3f5" name:"asdasd" category:"category" sku:"sku"} products:{id:"645aabedc3ec878e7c5ef3f3" name:"asdasd" category:"category" sku:"sku"} products:{id:"64596cca6d3a0e5daa114bc8" name:"asdasd" category:"category" sku:"sku"} products:{id:"64596cbc6d3a0e5daa114bc4" name:"asdasd" category:"category" sku:"sku"}
2023/05/09 13:54:50 Product to add:  {{{{} [] [] <nil>} 0 []  asdasd category sku}}
2023/05/09 13:54:50 Product created success:  success:true
2023/05/09 13:54:53 Product to search:  searchTerm:"asdasd"
2023/05/09 13:54:53 Search products success:  products:{id:"6453219959b0f4e8c19c7d3d" name:"asdasd" category:"asdasd" sku:"asdasd"} products:{id:"64532166b491c2ae3fcd3c27" name:"asdasd" category:"asdasd" sku:"asdasd"} products:{id:"64532155b491c2ae3fcd3c22" name:"asdasd" category:"asdasd" sku:"asdasd"} products:{id:"645321a259b0f4e8c19c7d41" name:"asdasd" category:"2" sku:"asdasd"} products:{id:"645aafe5c3ec878e7c5ef402" name:"asdasd" category:"category" sku:"sku"} products:{id:"645aaeefc3ec878e7c5ef3ff" name:"asdasd" category:"category" sku:"sku"} products:{id:"645aae5bc3ec878e7c5ef3fc" name:"asdasd" category:"category" sku:"sku"} products:{id:"645aae51c3ec878e7c5ef3f9" name:"asdasd" category:"category" sku:"sku"} products:{id:"645aadfcc3ec878e7c5ef3f7" name:"asdasd" category:"category" sku:"sku"} products:{id:"645aadd8c3ec878e7c5ef3f5" name:"asdasd" category:"category" sku:"sku"} products:{id:"645aabedc3ec878e7c5ef3f3" name:"asdasd" category:"category" sku:"sku"} products:{id:"64596cca6d3a0e5daa114bc8" name:"asdasd" category:"category" sku:"sku"} products:{id:"64596cbc6d3a0e5daa114bc4" name:"asdasd" category:"category" sku:"sku"}
2023/05/09 13:55:55 API server running
2023/05/09 13:57:59 Product to add:  {{{{} [] [] <nil>} 0 []  asdasd category sku}}
2023/05/09 13:57:59 Product created success:  success:true
2023/05/09 13:58:00 Product to add:  {{{{} [] [] <nil>} 0 []  asdasd category sku}}
2023/05/09 13:58:00 Product created success:  success:true
2023/05/09 13:58:01 Product to search:  searchTerm:"asdasd"
2023/05/09 13:58:01 Product created failure:  twirp error internal: failed to do request: Post "http://localhost:8088/twirp/rundoo.com.rpc.ProductService/SearchProducts": EOF
2023/05/09 13:58:37 Product to search:  searchTerm:"asdasd"
2023/05/09 13:58:37 Product created failure:  twirp error internal: failed to do request: Post "http://localhost:8088/twirp/rundoo.com.rpc.ProductService/SearchProducts": dial tcp [::1]:8088: connect: connection refused
2023/05/09 13:58:38 Product to search:  searchTerm:"asdasd"
2023/05/09 13:58:38 Product created failure:  twirp error internal: failed to do request: Post "http://localhost:8088/twirp/rundoo.com.rpc.ProductService/SearchProducts": dial tcp [::1]:8088: connect: connection refused
2023/05/09 13:58:44 Product to search:  searchTerm:"asdasd"
2023/05/09 13:58:44 Product created failure:  twirp error internal: failed to do request: Post "http://localhost:8088/twirp/rundoo.com.rpc.ProductService/SearchProducts": EOF
2023/05/09 13:58:44 Product to search:  searchTerm:"asdasd"
2023/05/09 13:58:44 Product created failure:  twirp error internal: failed to do request: Post "http://localhost:8088/twirp/rundoo.com.rpc.ProductService/SearchProducts": dial tcp [::1]:8088: connect: connection refused
2023/05/09 13:59:11 Product to add:  {{{{} [] [] <nil>} 0 []  asdasd category sku}}
2023/05/09 13:59:11 Product created success:  success:true
2023/05/09 13:59:19 Product to search:  searchTerm:"asdasd"
2023/05/09 13:59:19 Product created failure:  twirp error internal: failed to do request: Post "http://localhost:8088/twirp/rundoo.com.rpc.ProductService/SearchProducts": EOF
2023/05/09 14:04:16 Product to add:  {{{{} [] [] <nil>} 0 []  asdasd category sku}}
2023/05/09 14:04:16 Product created success:  success:true
2023/05/09 14:04:17 Product to search:  searchTerm:"asdasd"
2023/05/09 14:04:17 Search products success:  products:{id:"6453219959b0f4e8c19c7d3d" name:"asdasd" category:"asdasd" sku:"asdasd"} products:{id:"64532166b491c2ae3fcd3c27" name:"asdasd" category:"asdasd" sku:"asdasd"} products:{id:"64532155b491c2ae3fcd3c22" name:"asdasd" category:"asdasd" sku:"asdasd"} products:{id:"645321a259b0f4e8c19c7d41" name:"asdasd" category:"2" sku:"asdasd"} products:{id:"645aafe5c3ec878e7c5ef402" name:"asdasd" category:"category" sku:"sku"} products:{id:"645aaeefc3ec878e7c5ef3ff" name:"asdasd" category:"category" sku:"sku"} products:{id:"645aae5bc3ec878e7c5ef3fc" name:"asdasd" category:"category" sku:"sku"} products:{id:"645aae51c3ec878e7c5ef3f9" name:"asdasd" category:"category" sku:"sku"} products:{id:"645aadfcc3ec878e7c5ef3f7" name:"asdasd" category:"category" sku:"sku"} products:{id:"645aadd8c3ec878e7c5ef3f5" name:"asdasd" category:"category" sku:"sku"} products:{id:"645aabedc3ec878e7c5ef3f3" name:"asdasd" category:"category" sku:"sku"} products:{id:"64596cca6d3a0e5daa114bc8" name:"asdasd" category:"category" sku:"sku"} products:{id:"64596cbc6d3a0e5daa114bc4" name:"asdasd" category:"category" sku:"sku"}
2023/05/09 14:04:49 Product to add:  {{{{} [] [] <nil>} 0 []  asdasd category sku}}
2023/05/09 14:04:49 Product created success:  success:true
2023/05/09 14:04:50 Product to search:  searchTerm:"asdasd"
2023/05/09 14:04:50 Product created failure:  twirp error internal: failed to do request: Post "http://localhost:8088/twirp/rundoo.com.rpc.ProductService/SearchProducts": EOF
2023/05/09 14:05:35 Product to search:  searchTerm:"asdasd"
2023/05/09 14:05:35 Search products success:  products:{id:"6453219959b0f4e8c19c7d3d" name:"asdasd" category:"asdasd" sku:"asdasd"} products:{id:"64532166b491c2ae3fcd3c27" name:"asdasd" category:"asdasd" sku:"asdasd"} products:{id:"64532155b491c2ae3fcd3c22" name:"asdasd" category:"asdasd" sku:"asdasd"} products:{id:"645321a259b0f4e8c19c7d41" name:"asdasd" category:"2" sku:"asdasd"} products:{id:"645aafe5c3ec878e7c5ef402" name:"asdasd" category:"category" sku:"sku"} products:{id:"645aaeefc3ec878e7c5ef3ff" name:"asdasd" category:"category" sku:"sku"} products:{id:"645aae5bc3ec878e7c5ef3fc" name:"asdasd" category:"category" sku:"sku"} products:{id:"645aae51c3ec878e7c5ef3f9" name:"asdasd" category:"category" sku:"sku"} products:{id:"645aadfcc3ec878e7c5ef3f7" name:"asdasd" category:"category" sku:"sku"} products:{id:"645aadd8c3ec878e7c5ef3f5" name:"asdasd" category:"category" sku:"sku"} products:{id:"645aabedc3ec878e7c5ef3f3" name:"asdasd" category:"category" sku:"sku"} products:{id:"64596cca6d3a0e5daa114bc8" name:"asdasd" category:"category" sku:"sku"} products:{id:"64596cbc6d3a0e5daa114bc4" name:"asdasd" category:"category" sku:"sku"}
2023/05/09 14:06:19 Product to search:  searchTerm:"asdasd"
2023/05/09 14:06:19 Search products success:  products:{id:"6453219959b0f4e8c19c7d3d" name:"asdasd" category:"asdasd" sku:"asdasd"} products:{id:"64532166b491c2ae3fcd3c27" name:"asdasd" category:"asdasd" sku:"asdasd"} products:{id:"64532155b491c2ae3fcd3c22" name:"asdasd" category:"asdasd" sku:"asdasd"} products:{id:"645321a259b0f4e8c19c7d41" name:"asdasd" category:"2" sku:"asdasd"} products:{id:"645aafe5c3ec878e7c5ef402" name:"asdasd" category:"category" sku:"sku"} products:{id:"645aaeefc3ec878e7c5ef3ff" name:"asdasd" category:"category" sku:"sku"} products:{id:"645aae5bc3ec878e7c5ef3fc" name:"asdasd" category:"category" sku:"sku"} products:{id:"645aae51c3ec878e7c5ef3f9" name:"asdasd" category:"category" sku:"sku"} products:{id:"645aadfcc3ec878e7c5ef3f7" name:"asdasd" category:"category" sku:"sku"} products:{id:"645aadd8c3ec878e7c5ef3f5" name:"asdasd" category:"category" sku:"sku"} products:{id:"645aabedc3ec878e7c5ef3f3" name:"asdasd" category:"category" sku:"sku"} products:{id:"64596cca6d3a0e5daa114bc8" name:"asdasd" category:"category" sku:"sku"} products:{id:"64596cbc6d3a0e5daa114bc4" name:"asdasd" category:"category" sku:"sku"}
2023/05/09 14:06:26 Product to add:  {{{{} [] [] <nil>} 0 []  asdasd category sku}}
2023/05/09 14:06:26 Product created success:  success:true
2023/05/09 14:06:29 Product to search:  searchTerm:"asdasd"
2023/05/09 14:06:29 Search products success:  products:{id:"6453219959b0f4e8c19c7d3d" name:"asdasd" category:"asdasd" sku:"asdasd"} products:{id:"64532166b491c2ae3fcd3c27" name:"asdasd" category:"asdasd" sku:"asdasd"} products:{id:"64532155b491c2ae3fcd3c22" name:"asdasd" category:"asdasd" sku:"asdasd"} products:{id:"645321a259b0f4e8c19c7d41" name:"asdasd" category:"2" sku:"asdasd"} products:{id:"645aafe5c3ec878e7c5ef402" name:"asdasd" category:"category" sku:"sku"} products:{id:"645aaeefc3ec878e7c5ef3ff" name:"asdasd" category:"category" sku:"sku"} products:{id:"645aae5bc3ec878e7c5ef3fc" name:"asdasd" category:"category" sku:"sku"} products:{id:"645aae51c3ec878e7c5ef3f9" name:"asdasd" category:"category" sku:"sku"} products:{id:"645aadfcc3ec878e7c5ef3f7" name:"asdasd" category:"category" sku:"sku"} products:{id:"645aadd8c3ec878e7c5ef3f5" name:"asdasd" category:"category" sku:"sku"} products:{id:"645aabedc3ec878e7c5ef3f3" name:"asdasd" category:"category" sku:"sku"} products:{id:"64596cca6d3a0e5daa114bc8" name:"asdasd" category:"category" sku:"sku"} products:{id:"64596cbc6d3a0e5daa114bc4" name:"asdasd" category:"category" sku:"sku"}
2023/05/09 18:51:59 Product to add:  {{{{} [] [] <nil>} 0 []  asdasd category sku}}
2023/05/09 18:51:59 Product created success:  success:true
2023/05/09 18:52:00 Product to search:  searchTerm:"asdasd"
2023/05/09 18:52:00 Search products success:  products:{id:"6453219959b0f4e8c19c7d3d" name:"asdasd" category:"asdasd" sku:"asdasd"} products:{id:"64532166b491c2ae3fcd3c27" name:"asdasd" category:"asdasd" sku:"asdasd"} products:{id:"64532155b491c2ae3fcd3c22" name:"asdasd" category:"asdasd" sku:"asdasd"} products:{id:"645321a259b0f4e8c19c7d41" name:"asdasd" category:"2" sku:"asdasd"} products:{id:"645aafe5c3ec878e7c5ef402" name:"asdasd" category:"category" sku:"sku"} products:{id:"645aaeefc3ec878e7c5ef3ff" name:"asdasd" category:"category" sku:"sku"} products:{id:"645aae5bc3ec878e7c5ef3fc" name:"asdasd" category:"category" sku:"sku"} products:{id:"645aae51c3ec878e7c5ef3f9" name:"asdasd" category:"category" sku:"sku"} products:{id:"645aadfcc3ec878e7c5ef3f7" name:"asdasd" category:"category" sku:"sku"} products:{id:"645aadd8c3ec878e7c5ef3f5" name:"asdasd" category:"category" sku:"sku"} products:{id:"645aabedc3ec878e7c5ef3f3" name:"asdasd" category:"category" sku:"sku"} products:{id:"64596cca6d3a0e5daa114bc8" name:"asdasd" category:"category" sku:"sku"} products:{id:"64596cbc6d3a0e5daa114bc4" name:"asdasd" category:"category" sku:"sku"}
2023/05/09 18:52:01 Product to add:  {{{{} [] [] <nil>} 0 []  asdasd category sku}}
2023/05/09 18:52:01 Product created success:  success:true
2023/05/09 18:52:02 Product to search:  searchTerm:"asdasd"
2023/05/09 18:52:02 Search products success:  products:{id:"6453219959b0f4e8c19c7d3d" name:"asdasd" category:"asdasd" sku:"asdasd"} products:{id:"64532166b491c2ae3fcd3c27" name:"asdasd" category:"asdasd" sku:"asdasd"} products:{id:"64532155b491c2ae3fcd3c22" name:"asdasd" category:"asdasd" sku:"asdasd"} products:{id:"645321a259b0f4e8c19c7d41" name:"asdasd" category:"2" sku:"asdasd"} products:{id:"645aafe5c3ec878e7c5ef402" name:"asdasd" category:"category" sku:"sku"} products:{id:"645aaeefc3ec878e7c5ef3ff" name:"asdasd" category:"category" sku:"sku"} products:{id:"645aae5bc3ec878e7c5ef3fc" name:"asdasd" category:"category" sku:"sku"} products:{id:"645aae51c3ec878e7c5ef3f9" name:"asdasd" category:"category" sku:"sku"} products:{id:"645aadfcc3ec878e7c5ef3f7" name:"asdasd" category:"category" sku:"sku"} products:{id:"645aadd8c3ec878e7c5ef3f5" name:"asdasd" category:"category" sku:"sku"} products:{id:"645aabedc3ec878e7c5ef3f3" name:"asdasd" category:"category" sku:"sku"} products:{id:"64596cca6d3a0e5daa114bc8" name:"asdasd" category:"category" sku:"sku"} products:{id:"64596cbc6d3a0e5daa114bc4" name:"asdasd" category:"category" sku:"sku"}
2023/05/09 18:53:19 API server running
2023/05/09 18:53:35 Product to add:  {{{{} [] [] <nil>} 0 []  asdasd category sku}}
2023/05/09 18:53:35 Product created success:  success:true
2023/05/09 18:53:36 Product to search:  searchTerm:"asdasd"
2023/05/09 18:53:36 Product created failure:  twirp error internal: failed to do request: Post "http://localhost:8088/twirp/rundoo.com.rpc.ProductService/SearchProducts": EOF
2023/05/09 18:54:00 Product to search:  searchTerm:"asdasd"
2023/05/09 18:54:00 Product created failure:  twirp error internal: failed to do request: Post "http://localhost:8088/twirp/rundoo.com.rpc.ProductService/SearchProducts": dial tcp [::1]:8088: connect: connection refused
2023/05/09 18:54:00 Product to search:  searchTerm:"asdasd"
2023/05/09 18:54:00 Product created failure:  twirp error internal: failed to do request: Post "http://localhost:8088/twirp/rundoo.com.rpc.ProductService/SearchProducts": dial tcp [::1]:8088: connect: connection refused
2023/05/09 18:54:01 Product to search:  searchTerm:"asdasd"
2023/05/09 18:54:01 Product created failure:  twirp error internal: failed to do request: Post "http://localhost:8088/twirp/rundoo.com.rpc.ProductService/SearchProducts": dial tcp [::1]:8088: connect: connection refused
2023/05/09 18:54:02 Product to search:  searchTerm:"asdasd"
2023/05/09 18:54:02 Product created failure:  twirp error internal: failed to do request: Post "http://localhost:8088/twirp/rundoo.com.rpc.ProductService/SearchProducts": dial tcp [::1]:8088: connect: connection refused
2023/05/09 18:54:02 Product to search:  searchTerm:"asdasd"
2023/05/09 18:54:02 Product created failure:  twirp error internal: failed to do request: Post "http://localhost:8088/twirp/rundoo.com.rpc.ProductService/SearchProducts": dial tcp [::1]:8088: connect: connection refused
2023/05/09 18:54:05 Product to search:  searchTerm:"new"
2023/05/09 18:54:05 Product created failure:  twirp error internal: failed to do request: Post "http://localhost:8088/twirp/rundoo.com.rpc.ProductService/SearchProducts": dial tcp [::1]:8088: connect: connection refused
2023/05/09 18:54:06 Product to search:  searchTerm:"new"
2023/05/09 18:54:06 Product created failure:  twirp error internal: failed to do request: Post "http://localhost:8088/twirp/rundoo.com.rpc.ProductService/SearchProducts": dial tcp [::1]:8088: connect: connection refused
2023/05/09 18:54:06 Product to search:  searchTerm:"new"
2023/05/09 18:54:06 Product created failure:  twirp error internal: failed to do request: Post "http://localhost:8088/twirp/rundoo.com.rpc.ProductService/SearchProducts": dial tcp [::1]:8088: connect: connection refused
2023/05/09 18:54:06 Product to search:  searchTerm:"new"
2023/05/09 18:54:06 Product created failure:  twirp error internal: failed to do request: Post "http://localhost:8088/twirp/rundoo.com.rpc.ProductService/SearchProducts": dial tcp [::1]:8088: connect: connection refused
2023/05/09 18:54:07 Product to search:  searchTerm:"new"
2023/05/09 18:54:07 Product created failure:  twirp error internal: failed to do request: Post "http://localhost:8088/twirp/rundoo.com.rpc.ProductService/SearchProducts": dial tcp [::1]:8088: connect: connection refused
2023/05/09 18:54:07 Product to search:  searchTerm:"new"
2023/05/09 18:54:07 Product created failure:  twirp error internal: failed to do request: Post "http://localhost:8088/twirp/rundoo.com.rpc.ProductService/SearchProducts": dial tcp [::1]:8088: connect: connection refused
2023/05/09 18:54:07 Product to search:  searchTerm:"new"
2023/05/09 18:54:07 Product created failure:  twirp error internal: failed to do request: Post "http://localhost:8088/twirp/rundoo.com.rpc.ProductService/SearchProducts": dial tcp [::1]:8088: connect: connection refused
2023/05/09 18:54:16 Product to search:  searchTerm:"new"
2023/05/09 18:54:16 Product created failure:  twirp error internal: failed to do request: Post "http://localhost:8088/twirp/rundoo.com.rpc.ProductService/SearchProducts": dial tcp [::1]:8088: connect: connection refused
2023/05/09 18:54:27 Product to search:  searchTerm:"new"
2023/05/09 18:54:27 Product created failure:  twirp error internal: failed to do request: Post "http://localhost:8088/twirp/rundoo.com.rpc.ProductService/SearchProducts": EOF
2023/05/09 18:54:34 Product to search:  searchTerm:"new"
2023/05/09 18:54:34 Product created failure:  twirp error internal: failed to do request: Post "http://localhost:8088/twirp/rundoo.com.rpc.ProductService/SearchProducts": dial tcp [::1]:8088: connect: connection refused
2023/05/09 18:55:09 Product to add:  {{{{} [] [] <nil>} 0 []  asdasd category sku}}
2023/05/09 18:55:09 Product created failure:  twirp error internal: failed to do request: Post "http://localhost:8088/twirp/rundoo.com.rpc.ProductService/AddProduct": dial tcp [::1]:8088: connect: connection refused
2023/05/09 18:55:16 Product to add:  {{{{} [] [] <nil>} 0 []  asdasd category sku}}
2023/05/09 18:55:16 Product created success:  success:true
2023/05/09 18:55:21 Product to search:  searchTerm:"new"
2023/05/09 18:55:21 Product created failure:  twirp error internal: failed to do request: Post "http://localhost:8088/twirp/rundoo.com.rpc.ProductService/SearchProducts": EOF
2023/05/09 18:56:33 Product to search:  searchTerm:"new"
2023/05/09 18:56:33 Search products success:  
2023/05/09 18:56:35 Product to add:  {{{{} [] [] <nil>} 0 []  asdasd category sku}}
2023/05/09 18:56:35 Product created success:  success:true
2023/05/09 18:56:39 Product to search:  searchTerm:"asdsad"
2023/05/09 18:56:39 Search products success:  
2023/05/09 18:56:40 Product to search:  searchTerm:"asdsad"
2023/05/09 18:56:40 Search products success:  
2023/05/09 18:56:41 Product to search:  searchTerm:"asdsad"
2023/05/09 18:56:41 Search products success:  
2023/05/09 18:56:46 Product to add:  {{{{} [] [] <nil>} 0 []  asdasd category sku}}
2023/05/09 18:56:46 Product created success:  success:true
2023/05/09 18:57:04 Product to search:  searchTerm:"asdasd"
2023/05/09 18:57:04 Search products success:  products:{id:"645af9de7f57c901207adab7" name:"asdasd" category:"category" sku:"sku"} products:{id:"645af9d37f57c901207adab2" name:"asdasd" category:"category" sku:"sku"} products:{id:"645af98497a54ec9f425feaa" name:"asdasd" category:"category" sku:"sku"} products:{id:"645af91fc3bfbec8ac68fba1" name:"asdasd" category:"category" sku:"sku"} products:{id:"645af8c132106b50dd7948b2" name:"asdasd" category:"category" sku:"sku"} products:{id:"645af8bf32106b50dd7948af" name:"asdasd" category:"category" sku:"sku"} products:{id:"645ab5d232106b50dd7948ac" name:"asdasd" category:"category" sku:"sku"} products:{id:"645ab571c62253746e544d8f" name:"asdasd" category:"category" sku:"sku"} products:{id:"645ab55030fc403b0e6f2f78" name:"asdasd" category:"category" sku:"sku"} products:{id:"645ab41f2c6d67f464fc04b0" name:"asdasd" category:"category" sku:"sku"} products:{id:"645ab3d82719d830267b67b0" name:"asdasd" category:"category" sku:"sku"} products:{id:"645ab3d72719d830267b67ae" name:"asdasd" category:"category" sku:"sku"} products:{id:"645ab31a61a4de8942cf2366" name:"asdasd" category:"category" sku:"sku"}
2023/05/09 18:57:11 Product to search:  searchTerm:"asdasd"
2023/05/09 18:57:11 Search products success:  products:{id:"645af9de7f57c901207adab7" name:"asdasd" category:"category" sku:"sku"} products:{id:"645af9d37f57c901207adab2" name:"asdasd" category:"category" sku:"sku"} products:{id:"645af98497a54ec9f425feaa" name:"asdasd" category:"category" sku:"sku"} products:{id:"645af91fc3bfbec8ac68fba1" name:"asdasd" category:"category" sku:"sku"} products:{id:"645af8c132106b50dd7948b2" name:"asdasd" category:"category" sku:"sku"} products:{id:"645af8bf32106b50dd7948af" name:"asdasd" category:"category" sku:"sku"} products:{id:"645ab5d232106b50dd7948ac" name:"asdasd" category:"category" sku:"sku"} products:{id:"645ab571c62253746e544d8f" name:"asdasd" category:"category" sku:"sku"} products:{id:"645ab55030fc403b0e6f2f78" name:"asdasd" category:"category" sku:"sku"} products:{id:"645ab41f2c6d67f464fc04b0" name:"asdasd" category:"category" sku:"sku"} products:{id:"645ab3d82719d830267b67b0" name:"asdasd" category:"category" sku:"sku"} products:{id:"645ab3d72719d830267b67ae" name:"asdasd" category:"category" sku:"sku"} products:{id:"645ab31a61a4de8942cf2366" name:"asdasd" category:"category" sku:"sku"}
2023/05/09 18:57:13 Product to search:  searchTerm:"new"
2023/05/09 18:57:13 Search products success:  
2023/05/09 18:57:14 Product to search:  searchTerm:"new"
2023/05/09 18:57:14 Search products success:  
2023/05/09 18:57:15 Product to search:  searchTerm:"new"
2023/05/09 18:57:15 Search products success:  
2023/05/09 18:57:15 Product to search:  searchTerm:"new"
2023/05/09 18:57:15 Search products success:  
2023/05/09 18:57:15 Product to search:  searchTerm:"new"
2023/05/09 18:57:15 Search products success:  
2023/05/09 18:57:15 Product to search:  searchTerm:"new"
2023/05/09 18:57:15 Search products success:  
2023/05/09 18:57:16 Product to add:  {{{{} [] [] <nil>} 0 []  asdasd category new}}
2023/05/09 18:57:16 Product created success:  success:true
2023/05/09 18:57:17 Product to search:  searchTerm:"new"
2023/05/09 18:57:17 Search products success:  products:{id:"645af9fc7f57c901207adac1" name:"asdasd" category:"category" sku:"new"}
2023/05/09 18:57:22 Product to add:  {{{{} [] [] <nil>} 0 []  asdasd category new}}
2023/05/09 18:57:22 Product created success:  success:true
2023/05/09 18:57:23 Product to search:  searchTerm:"new"
2023/05/09 18:57:23 Search products success:  products:{id:"645afa027f57c901207adac4" name:"asdasd" category:"category" sku:"new"} products:{id:"645af9fc7f57c901207adac1" name:"asdasd" category:"category" sku:"new"}
2023/05/09 18:57:26 Product to add:  {{{{} [] [] <nil>} 0 []  asdasd test new}}
2023/05/09 18:57:26 Product created success:  success:true
2023/05/09 18:57:30 Product to search:  searchTerm:"test"
2023/05/09 18:57:30 Search products success:  products:{id:"645afa067f57c901207adac7" name:"asdasd" category:"test" sku:"new"}
2023/05/09 19:01:43 API server running
2023/05/09 19:03:33 API server running
2023/05/09 19:03:38 Error has occured validating create product  Product name must not be empty
2023/05/09 19:03:39 Product to search:  
2023/05/09 19:03:39 Product created failure:  twirp error internal: failed to do request: Post "http://localhost:8088/twirp/rundoo.com.rpc.ProductService/SearchProducts": EOF
2023/05/09 19:03:43 Product to add:  {{{{} [] [] <nil>} 0 []  asd adsasd asdasd}}
2023/05/09 19:03:43 Product created failure:  twirp error internal: failed to do request: Post "http://localhost:8088/twirp/rundoo.com.rpc.ProductService/AddProduct": dial tcp [::1]:8088: connect: connection refused
2023/05/09 19:03:45 Product to search:  searchTerm:"asd"
2023/05/09 19:03:45 Product created failure:  twirp error internal: failed to do request: Post "http://localhost:8088/twirp/rundoo.com.rpc.ProductService/SearchProducts": dial tcp [::1]:8088: connect: connection refused
2023/05/09 19:03:46 Product to search:  searchTerm:"asd"
2023/05/09 19:03:46 Product created failure:  twirp error internal: failed to do request: Post "http://localhost:8088/twirp/rundoo.com.rpc.ProductService/SearchProducts": dial tcp [::1]:8088: connect: connection refused
2023/05/09 19:03:46 Product to search:  searchTerm:"asd"
2023/05/09 19:03:46 Product created failure:  twirp error internal: failed to do request: Post "http://localhost:8088/twirp/rundoo.com.rpc.ProductService/SearchProducts": dial tcp [::1]:8088: connect: connection refused
2023/05/09 19:03:46 Product to search:  searchTerm:"asd"
2023/05/09 19:03:46 Product created failure:  twirp error internal: failed to do request: Post "http://localhost:8088/twirp/rundoo.com.rpc.ProductService/SearchProducts": dial tcp [::1]:8088: connect: connection refused
2023/05/09 19:03:46 Product to search:  searchTerm:"asd"
2023/05/09 19:03:46 Product created failure:  twirp error internal: failed to do request: Post "http://localhost:8088/twirp/rundoo.com.rpc.ProductService/SearchProducts": dial tcp [::1]:8088: connect: connection refused
2023/05/09 19:03:47 Product to search:  searchTerm:"asd"
2023/05/09 19:03:47 Product created failure:  twirp error internal: failed to do request: Post "http://localhost:8088/twirp/rundoo.com.rpc.ProductService/SearchProducts": dial tcp [::1]:8088: connect: connection refused
2023/05/09 19:03:47 Product to search:  searchTerm:"asd"
2023/05/09 19:03:47 Product created failure:  twirp error internal: failed to do request: Post "http://localhost:8088/twirp/rundoo.com.rpc.ProductService/SearchProducts": dial tcp [::1]:8088: connect: connection refused
2023/05/09 19:04:01 Product to search:  searchTerm:"asd"
2023/05/09 19:04:01 Product created failure:  twirp error internal: failed to do request: Post "http://localhost:8088/twirp/rundoo.com.rpc.ProductService/SearchProducts": dial tcp [::1]:8088: connect: connection refused
2023/05/09 19:04:58 Product to search:  searchTerm:"asd"
2023/05/09 19:04:58 Product created failure:  twirp error internal: failed to do request: Post "http://localhost:8088/twirp/rundoo.com.rpc.ProductService/SearchProducts": dial tcp [::1]:8088: connect: connection refused
2023/05/09 19:04:59 Product to search:  searchTerm:"asd"
2023/05/09 19:04:59 Product created failure:  twirp error internal: failed to do request: Post "http://localhost:8088/twirp/rundoo.com.rpc.ProductService/SearchProducts": dial tcp [::1]:8088: connect: connection refused
2023/05/09 19:05:00 Product to search:  searchTerm:"asd"
2023/05/09 19:05:00 Product created failure:  twirp error internal: failed to do request: Post "http://localhost:8088/twirp/rundoo.com.rpc.ProductService/SearchProducts": dial tcp [::1]:8088: connect: connection refused
2023/05/09 19:05:08 Product to add:  {{{{} [] [] <nil>} 0 []  asd adsasd asdasd}}
2023/05/09 19:05:08 Product created failure:  twirp error internal: failed to do request: Post "http://localhost:8088/twirp/rundoo.com.rpc.ProductService/AddProduct": dial tcp [::1]:8088: connect: connection refused
2023/05/09 19:05:33 Product to search:  searchTerm:"asd"
2023/05/09 19:05:33 Product created failure:  twirp error internal: failed to do request: Post "http://localhost:8088/twirp/rundoo.com.rpc.ProductService/SearchProducts": dial tcp [::1]:8088: connect: connection refused
2023/05/09 19:05:35 Product to add:  {{{{} [] [] <nil>} 0 []  asd adsasd asdasd}}
2023/05/09 19:05:35 Product created failure:  twirp error internal: failed to do request: Post "http://localhost:8088/twirp/rundoo.com.rpc.ProductService/AddProduct": dial tcp [::1]:8088: connect: connection refused
2023/05/09 19:05:35 Product to add:  {{{{} [] [] <nil>} 0 []  asd adsasd asdasd}}
2023/05/09 19:05:35 Product created failure:  twirp error internal: failed to do request: Post "http://localhost:8088/twirp/rundoo.com.rpc.ProductService/AddProduct": dial tcp [::1]:8088: connect: connection refused
2023/05/09 19:05:36 Product to search:  searchTerm:"asd"
2023/05/09 19:05:36 Product created failure:  twirp error internal: failed to do request: Post "http://localhost:8088/twirp/rundoo.com.rpc.ProductService/SearchProducts": dial tcp [::1]:8088: connect: connection refused
2023/05/09 19:05:36 Product to search:  searchTerm:"asd"
2023/05/09 19:05:36 Product created failure:  twirp error internal: failed to do request: Post "http://localhost:8088/twirp/rundoo.com.rpc.ProductService/SearchProducts": dial tcp [::1]:8088: connect: connection refused
2023/05/09 19:05:37 Product to add:  {{{{} [] [] <nil>} 0 []  asd adsasd asdasd}}
2023/05/09 19:05:37 Product created failure:  twirp error internal: failed to do request: Post "http://localhost:8088/twirp/rundoo.com.rpc.ProductService/AddProduct": dial tcp [::1]:8088: connect: connection refused
2023/05/09 19:05:59 Error has occured validating create product  Product name must not be empty
2023/05/09 19:06:00 Product to search:  
2023/05/09 19:06:00 Product created failure:  twirp error internal: failed to do request: Post "http://localhost:8088/twirp/rundoo.com.rpc.ProductService/SearchProducts": dial tcp [::1]:8088: connect: connection refused
2023/05/09 19:06:02 Product to add:  {{{{} [] [] <nil>} 0 []  asd asd asd}}
2023/05/09 19:06:02 Product created failure:  twirp error internal: failed to do request: Post "http://localhost:8088/twirp/rundoo.com.rpc.ProductService/AddProduct": dial tcp [::1]:8088: connect: connection refused
2023/05/09 19:06:04 Product to search:  searchTerm:"asd"
2023/05/09 19:06:04 Product created failure:  twirp error internal: failed to do request: Post "http://localhost:8088/twirp/rundoo.com.rpc.ProductService/SearchProducts": dial tcp [::1]:8088: connect: connection refused
2023/05/09 19:07:05 Product to add:  {{{{} [] [] <nil>} 0 []  asd asd asd}}
2023/05/09 19:07:05 Product created failure:  twirp error internal: failed to do request: Post "http://localhost:8088/twirp/rundoo.com.rpc.ProductService/AddProduct": dial tcp [::1]:8088: connect: connection refused
2023/05/09 19:07:06 Product to search:  searchTerm:"asd"
2023/05/09 19:07:06 Product created failure:  twirp error internal: failed to do request: Post "http://localhost:8088/twirp/rundoo.com.rpc.ProductService/SearchProducts": dial tcp [::1]:8088: connect: connection refused
2023/05/09 19:07:12 Product to add:  {{{{} [] [] <nil>} 0 []  asd asd asd}}
2023/05/09 19:07:13 Product created success:  success:true
2023/05/09 19:08:14 Product to add:  {{{{} [] [] <nil>} 0 []  asd asd asd}}
2023/05/09 19:08:14 Product created success:  success:true
2023/05/09 19:08:27 Product to add:  {{{{} [] [] <nil>} 0 []  asd asd asd}}
2023/05/09 19:08:27 Product created success:  success:true
2023/05/09 19:08:40 Error has occured validating create product  Product name must not be empty
2023/05/09 19:09:11 Error has occured validating create product  Product name must not be empty
2023/05/09 19:09:12 Product to search:  
2023/05/09 19:09:12 Product created failure:  twirp error internal: failed to do request: Post "http://localhost:8088/twirp/rundoo.com.rpc.ProductService/SearchProducts": EOF
2023/05/09 19:09:13 Error has occured validating create product  Product name must not be empty
2023/05/09 19:09:14 Product to search:  
2023/05/09 19:09:14 Product created failure:  twirp error internal: failed to do request: Post "http://localhost:8088/twirp/rundoo.com.rpc.ProductService/SearchProducts": dial tcp [::1]:8088: connect: connection refused
2023/05/09 19:09:19 Product to add:  {{{{} [] [] <nil>} 0 []  asd asd asd}}
2023/05/09 19:09:19 Product created failure:  twirp error internal: failed to do request: Post "http://localhost:8088/twirp/rundoo.com.rpc.ProductService/AddProduct": dial tcp [::1]:8088: connect: connection refused
2023/05/09 19:10:39 Product to add:  {{{{} [] [] <nil>} 0 []  asd asd asd}}
2023/05/09 19:10:39 Product created failure:  twirp error internal: failed to do request: Post "http://localhost:8088/twirp/rundoo.com.rpc.ProductService/AddProduct": dial tcp [::1]:8088: connect: connection refused
2023/05/09 19:10:48 Product to add:  {{{{} [] [] <nil>} 0 []  asd asd asd}}
2023/05/09 19:10:48 Product created success:  success:true
2023/05/09 19:10:50 Product to search:  searchTerm:"new"
2023/05/09 19:10:50 Search products success:  
2023/05/09 19:10:53 Product to search:  searchTerm:"asd"
2023/05/09 19:10:53 Search products success:  products:{id:"645afd2845fab7232ee9dc2d" name:"asd" category:"asd" sku:"asd"}
2023/05/09 19:10:57 Product to search:  searchTerm:"asd"
2023/05/09 19:10:57 Search products success:  products:{id:"645afd2845fab7232ee9dc2d" name:"asd" category:"asd" sku:"asd"}
2023/05/09 19:10:59 Product to search:  searchTerm:"aasd"
2023/05/09 19:10:59 Search products success:  
2023/05/09 19:11:02 Product to search:  searchTerm:"asda"
2023/05/09 19:11:02 Search products success:  
2023/05/09 19:11:03 Product to search:  searchTerm:"asda"
2023/05/09 19:11:03 Search products success:  
2023/05/09 19:11:04 Product to search:  searchTerm:"asda"
2023/05/09 19:11:04 Search products success:  
2023/05/09 19:11:25 Product to add:  {{{{} [] [] <nil>} 0 []  asda asdsdasd asdasd}}
2023/05/09 19:11:25 Product created success:  success:true
2023/05/09 19:11:32 Product to search:  searchTerm:"asda"
2023/05/09 19:11:32 Search products success:  products:{id:"645afd4d45fab7232ee9dc36" name:"asda" category:"asdsdasd" sku:"asdasd"}
2023/05/09 19:11:36 Product to add:  {{{{} [] [] <nil>} 0 []  asdas asdsdasd asdasd}}
2023/05/09 19:11:36 Product created success:  success:true
2023/05/09 19:11:38 Product to search:  searchTerm:"asdas"
2023/05/09 19:11:38 Search products success:  products:{id:"645afd4d45fab7232ee9dc36" name:"asda" category:"asdsdasd" sku:"asdasd"} products:{id:"645afd5845fab7232ee9dc39" name:"asdas" category:"asdsdasd" sku:"asdasd"}
2023/05/09 19:11:46 Product to add:  {{{{} [] [] <nil>} 0 []  asdass asdsdasd asdasd}}
2023/05/09 19:11:46 Product created success:  success:true
2023/05/09 19:11:48 Product to search:  searchTerm:"asdass"
2023/05/09 19:11:48 Search products success:  products:{id:"645afd6245fab7232ee9dc3c" name:"asdass" category:"asdsdasd" sku:"asdasd"}
